{"/Users/ruben/Code/competitie-planner.nl/competitie-planner.nl/frontend/src/components/Badge.tsx": {"path":"/Users/ruben/Code/competitie-planner.nl/competitie-planner.nl/frontend/src/components/Badge.tsx","all":true,"statementMap":{"0":{"start":{"line":1,"column":0},"end":{"line":1,"column":31}},"4":{"start":{"line":5,"column":0},"end":{"line":5,"column":26}},"5":{"start":{"line":6,"column":0},"end":{"line":6,"column":194}},"6":{"start":{"line":7,"column":0},"end":{"line":7,"column":3}},"7":{"start":{"line":8,"column":0},"end":{"line":8,"column":15}},"8":{"start":{"line":9,"column":0},"end":{"line":9,"column":16}},"9":{"start":{"line":10,"column":0},"end":{"line":10,"column":64}},"10":{"start":{"line":11,"column":0},"end":{"line":11,"column":64}},"11":{"start":{"line":12,"column":0},"end":{"line":12,"column":70}},"12":{"start":{"line":13,"column":0},"end":{"line":13,"column":66}},"13":{"start":{"line":14,"column":0},"end":{"line":14,"column":68}},"14":{"start":{"line":15,"column":0},"end":{"line":15,"column":61}},"15":{"start":{"line":16,"column":0},"end":{"line":16,"column":58}},"16":{"start":{"line":17,"column":0},"end":{"line":17,"column":8}},"17":{"start":{"line":18,"column":0},"end":{"line":18,"column":6}},"18":{"start":{"line":19,"column":0},"end":{"line":19,"column":22}},"19":{"start":{"line":20,"column":0},"end":{"line":20,"column":25}},"20":{"start":{"line":21,"column":0},"end":{"line":21,"column":6}},"21":{"start":{"line":22,"column":0},"end":{"line":22,"column":3}},"22":{"start":{"line":23,"column":0},"end":{"line":23,"column":2}},"28":{"start":{"line":29,"column":0},"end":{"line":29,"column":62}},"29":{"start":{"line":30,"column":0},"end":{"line":30,"column":10}},"30":{"start":{"line":31,"column":0},"end":{"line":31,"column":77}},"32":{"start":{"line":33,"column":0},"end":{"line":33,"column":1}}},"s":{"0":0,"4":0,"5":0,"6":0,"7":0,"8":0,"9":0,"10":0,"11":0,"12":0,"13":0,"14":0,"15":0,"16":0,"17":0,"18":0,"19":0,"20":0,"21":0,"22":0,"28":0,"29":0,"30":0,"32":0},"branchMap":{"0":{"type":"branch","line":1,"loc":{"start":{"line":1,"column":0},"end":{"line":35,"column":-81}},"locations":[{"start":{"line":1,"column":0},"end":{"line":35,"column":-81}}]}},"b":{"0":[0]},"fnMap":{"0":{"name":"(empty-report)","decl":{"start":{"line":1,"column":0},"end":{"line":35,"column":-81}},"loc":{"start":{"line":1,"column":0},"end":{"line":35,"column":-81}},"line":1}},"f":{"0":0}}
,"/Users/ruben/Code/competitie-planner.nl/competitie-planner.nl/frontend/src/components/Button.test.tsx": {"path":"/Users/ruben/Code/competitie-planner.nl/competitie-planner.nl/frontend/src/components/Button.test.tsx","all":false,"statementMap":{"0":{"start":{"line":1,"column":0},"end":{"line":1,"column":66}},"1":{"start":{"line":2,"column":0},"end":{"line":2,"column":49}},"2":{"start":{"line":3,"column":0},"end":{"line":3,"column":33}},"4":{"start":{"line":5,"column":0},"end":{"line":5,"column":36}},"5":{"start":{"line":6,"column":0},"end":{"line":6,"column":37}},"6":{"start":{"line":7,"column":0},"end":{"line":7,"column":37}},"7":{"start":{"line":8,"column":0},"end":{"line":8,"column":81}},"8":{"start":{"line":9,"column":0},"end":{"line":9,"column":4}},"10":{"start":{"line":11,"column":0},"end":{"line":11,"column":47}},"11":{"start":{"line":12,"column":0},"end":{"line":12,"column":75}},"12":{"start":{"line":13,"column":0},"end":{"line":13,"column":65}},"14":{"start":{"line":15,"column":0},"end":{"line":15,"column":54}},"15":{"start":{"line":16,"column":0},"end":{"line":16,"column":64}},"17":{"start":{"line":18,"column":0},"end":{"line":18,"column":56}},"18":{"start":{"line":19,"column":0},"end":{"line":19,"column":69}},"19":{"start":{"line":20,"column":0},"end":{"line":20,"column":4}},"21":{"start":{"line":22,"column":0},"end":{"line":22,"column":44}},"22":{"start":{"line":23,"column":0},"end":{"line":23,"column":65}},"23":{"start":{"line":24,"column":0},"end":{"line":24,"column":57}},"25":{"start":{"line":26,"column":0},"end":{"line":26,"column":46}},"26":{"start":{"line":27,"column":0},"end":{"line":27,"column":58}},"28":{"start":{"line":29,"column":0},"end":{"line":29,"column":47}},"29":{"start":{"line":30,"column":0},"end":{"line":30,"column":58}},"30":{"start":{"line":31,"column":0},"end":{"line":31,"column":4}},"32":{"start":{"line":33,"column":0},"end":{"line":33,"column":35}},"33":{"start":{"line":34,"column":0},"end":{"line":34,"column":46}},"34":{"start":{"line":35,"column":0},"end":{"line":35,"column":53}},"35":{"start":{"line":36,"column":0},"end":{"line":36,"column":71}},"36":{"start":{"line":37,"column":0},"end":{"line":37,"column":4}},"38":{"start":{"line":39,"column":0},"end":{"line":39,"column":38}},"39":{"start":{"line":40,"column":0},"end":{"line":40,"column":46}},"40":{"start":{"line":41,"column":0},"end":{"line":41,"column":53}},"41":{"start":{"line":42,"column":0},"end":{"line":42,"column":4}},"43":{"start":{"line":44,"column":0},"end":{"line":44,"column":36}},"44":{"start":{"line":45,"column":0},"end":{"line":45,"column":31}},"45":{"start":{"line":46,"column":0},"end":{"line":46,"column":56}},"46":{"start":{"line":47,"column":0},"end":{"line":47,"column":47}},"47":{"start":{"line":48,"column":0},"end":{"line":48,"column":48}},"48":{"start":{"line":49,"column":0},"end":{"line":49,"column":4}},"50":{"start":{"line":51,"column":0},"end":{"line":51,"column":40}},"51":{"start":{"line":52,"column":0},"end":{"line":52,"column":60}},"52":{"start":{"line":53,"column":0},"end":{"line":53,"column":66}},"53":{"start":{"line":54,"column":0},"end":{"line":54,"column":4}},"54":{"start":{"line":55,"column":0},"end":{"line":55,"column":2}}},"s":{"0":1,"1":1,"2":1,"4":1,"5":1,"6":1,"7":1,"8":1,"10":1,"11":1,"12":1,"14":1,"15":1,"17":1,"18":1,"19":1,"21":1,"22":1,"23":1,"25":1,"26":1,"28":1,"29":1,"30":1,"32":1,"33":1,"34":1,"35":1,"36":1,"38":1,"39":1,"40":1,"41":1,"43":1,"44":1,"45":1,"46":1,"47":1,"48":1,"50":1,"51":1,"52":1,"53":1,"54":1},"branchMap":{"0":{"type":"branch","line":5,"loc":{"start":{"line":5,"column":29},"end":{"line":55,"column":2}},"locations":[{"start":{"line":5,"column":29},"end":{"line":55,"column":2}}]},"1":{"type":"branch","line":6,"loc":{"start":{"line":6,"column":30},"end":{"line":9,"column":3}},"locations":[{"start":{"line":6,"column":30},"end":{"line":9,"column":3}}]},"2":{"type":"branch","line":11,"loc":{"start":{"line":11,"column":40},"end":{"line":20,"column":3}},"locations":[{"start":{"line":11,"column":40},"end":{"line":20,"column":3}}]},"3":{"type":"branch","line":22,"loc":{"start":{"line":22,"column":37},"end":{"line":31,"column":3}},"locations":[{"start":{"line":22,"column":37},"end":{"line":31,"column":3}}]},"4":{"type":"branch","line":33,"loc":{"start":{"line":33,"column":28},"end":{"line":37,"column":3}},"locations":[{"start":{"line":33,"column":28},"end":{"line":37,"column":3}}]},"5":{"type":"branch","line":39,"loc":{"start":{"line":39,"column":31},"end":{"line":42,"column":3}},"locations":[{"start":{"line":39,"column":31},"end":{"line":42,"column":3}}]},"6":{"type":"branch","line":44,"loc":{"start":{"line":44,"column":29},"end":{"line":49,"column":3}},"locations":[{"start":{"line":44,"column":29},"end":{"line":49,"column":3}}]},"7":{"type":"branch","line":51,"loc":{"start":{"line":51,"column":33},"end":{"line":54,"column":3}},"locations":[{"start":{"line":51,"column":33},"end":{"line":54,"column":3}}]}},"b":{"0":[1],"1":[1],"2":[1],"3":[1],"4":[1],"5":[1],"6":[1],"7":[1]},"fnMap":{},"f":{}}
,"/Users/ruben/Code/competitie-planner.nl/competitie-planner.nl/frontend/src/components/Button.tsx": {"path":"/Users/ruben/Code/competitie-planner.nl/competitie-planner.nl/frontend/src/components/Button.tsx","all":false,"statementMap":{"0":{"start":{"line":1,"column":0},"end":{"line":1,"column":31}},"5":{"start":{"line":6,"column":0},"end":{"line":6,"column":27}},"6":{"start":{"line":7,"column":0},"end":{"line":7,"column":296}},"7":{"start":{"line":8,"column":0},"end":{"line":8,"column":3}},"8":{"start":{"line":9,"column":0},"end":{"line":9,"column":15}},"9":{"start":{"line":10,"column":0},"end":{"line":10,"column":16}},"10":{"start":{"line":11,"column":0},"end":{"line":11,"column":70}},"11":{"start":{"line":12,"column":0},"end":{"line":12,"column":94}},"12":{"start":{"line":13,"column":0},"end":{"line":13,"column":88}},"13":{"start":{"line":14,"column":0},"end":{"line":14,"column":49}},"14":{"start":{"line":15,"column":0},"end":{"line":15,"column":67}},"15":{"start":{"line":16,"column":0},"end":{"line":16,"column":65}},"16":{"start":{"line":17,"column":0},"end":{"line":17,"column":8}},"17":{"start":{"line":18,"column":0},"end":{"line":18,"column":13}},"18":{"start":{"line":19,"column":0},"end":{"line":19,"column":31}},"19":{"start":{"line":20,"column":0},"end":{"line":20,"column":29}},"20":{"start":{"line":21,"column":0},"end":{"line":21,"column":24}},"21":{"start":{"line":22,"column":0},"end":{"line":22,"column":26}},"22":{"start":{"line":23,"column":0},"end":{"line":23,"column":8}},"23":{"start":{"line":24,"column":0},"end":{"line":24,"column":6}},"24":{"start":{"line":25,"column":0},"end":{"line":25,"column":22}},"25":{"start":{"line":26,"column":0},"end":{"line":26,"column":25}},"26":{"start":{"line":27,"column":0},"end":{"line":27,"column":17}},"27":{"start":{"line":28,"column":0},"end":{"line":28,"column":6}},"28":{"start":{"line":29,"column":0},"end":{"line":29,"column":3}},"29":{"start":{"line":30,"column":0},"end":{"line":30,"column":2}},"37":{"start":{"line":38,"column":0},"end":{"line":38,"column":64}},"38":{"start":{"line":39,"column":0},"end":{"line":39,"column":73}},"39":{"start":{"line":40,"column":0},"end":{"line":40,"column":12}},"40":{"start":{"line":41,"column":0},"end":{"line":41,"column":13}},"41":{"start":{"line":42,"column":0},"end":{"line":42,"column":17}},"42":{"start":{"line":43,"column":0},"end":{"line":43,"column":68}},"43":{"start":{"line":44,"column":0},"end":{"line":44,"column":46}},"44":{"start":{"line":45,"column":0},"end":{"line":45,"column":18}},"46":{"start":{"line":47,"column":0},"end":{"line":47,"column":72}},"47":{"start":{"line":48,"column":0},"end":{"line":48,"column":18}},"48":{"start":{"line":49,"column":0},"end":{"line":49,"column":15}},"50":{"start":{"line":51,"column":0},"end":{"line":51,"column":3}},"51":{"start":{"line":52,"column":0},"end":{"line":52,"column":2}},"52":{"start":{"line":53,"column":0},"end":{"line":53,"column":30}}},"s":{"0":1,"5":1,"6":1,"7":1,"8":1,"9":1,"10":1,"11":1,"12":1,"13":1,"14":1,"15":1,"16":1,"17":1,"18":1,"19":1,"20":1,"21":1,"22":1,"23":1,"24":1,"25":1,"26":1,"27":1,"28":1,"29":1,"37":1,"38":1,"39":11,"40":11,"41":11,"42":11,"43":11,"44":11,"46":11,"47":11,"48":11,"50":11,"51":1,"52":1},"branchMap":{"0":{"type":"branch","line":39,"loc":{"start":{"line":39,"column":2},"end":{"line":51,"column":3}},"locations":[{"start":{"line":39,"column":2},"end":{"line":51,"column":3}}]},"1":{"type":"branch","line":44,"loc":{"start":{"line":44,"column":18},"end":{"line":44,"column":46}},"locations":[{"start":{"line":44,"column":18},"end":{"line":44,"column":46}}]},"2":{"type":"branch","line":47,"loc":{"start":{"line":47,"column":9},"end":{"line":47,"column":72}},"locations":[{"start":{"line":47,"column":9},"end":{"line":47,"column":72}}]}},"b":{"0":[11],"1":[10],"2":[1]},"fnMap":{},"f":{}}
,"/Users/ruben/Code/competitie-planner.nl/competitie-planner.nl/frontend/src/components/Card.tsx": {"path":"/Users/ruben/Code/competitie-planner.nl/competitie-planner.nl/frontend/src/components/Card.tsx","all":true,"statementMap":{"0":{"start":{"line":1,"column":0},"end":{"line":1,"column":31}},"3":{"start":{"line":4,"column":0},"end":{"line":4,"column":30}},"6":{"start":{"line":7,"column":0},"end":{"line":7,"column":37}},"7":{"start":{"line":8,"column":0},"end":{"line":8,"column":6}},"8":{"start":{"line":9,"column":0},"end":{"line":9,"column":13}},"9":{"start":{"line":10,"column":0},"end":{"line":10,"column":18}},"10":{"start":{"line":11,"column":0},"end":{"line":11,"column":90}},"11":{"start":{"line":12,"column":0},"end":{"line":12,"column":15}},"12":{"start":{"line":13,"column":0},"end":{"line":13,"column":6}},"13":{"start":{"line":14,"column":0},"end":{"line":14,"column":14}},"14":{"start":{"line":15,"column":0},"end":{"line":15,"column":4}},"15":{"start":{"line":16,"column":0},"end":{"line":16,"column":3}},"16":{"start":{"line":17,"column":0},"end":{"line":17,"column":26}},"18":{"start":{"line":19,"column":0},"end":{"line":19,"column":36}},"21":{"start":{"line":22,"column":0},"end":{"line":22,"column":37}},"22":{"start":{"line":23,"column":0},"end":{"line":23,"column":6}},"23":{"start":{"line":24,"column":0},"end":{"line":24,"column":13}},"24":{"start":{"line":25,"column":0},"end":{"line":25,"column":87}},"25":{"start":{"line":26,"column":0},"end":{"line":26,"column":14}},"26":{"start":{"line":27,"column":0},"end":{"line":27,"column":4}},"27":{"start":{"line":28,"column":0},"end":{"line":28,"column":3}},"28":{"start":{"line":29,"column":0},"end":{"line":29,"column":38}},"30":{"start":{"line":31,"column":0},"end":{"line":31,"column":35}},"33":{"start":{"line":34,"column":0},"end":{"line":34,"column":37}},"34":{"start":{"line":35,"column":0},"end":{"line":35,"column":5}},"35":{"start":{"line":36,"column":0},"end":{"line":36,"column":13}},"36":{"start":{"line":37,"column":0},"end":{"line":37,"column":18}},"37":{"start":{"line":38,"column":0},"end":{"line":38,"column":54}},"38":{"start":{"line":39,"column":0},"end":{"line":39,"column":15}},"39":{"start":{"line":40,"column":0},"end":{"line":40,"column":6}},"40":{"start":{"line":41,"column":0},"end":{"line":41,"column":14}},"41":{"start":{"line":42,"column":0},"end":{"line":42,"column":4}},"42":{"start":{"line":43,"column":0},"end":{"line":43,"column":3}},"43":{"start":{"line":44,"column":0},"end":{"line":44,"column":36}},"45":{"start":{"line":46,"column":0},"end":{"line":46,"column":41}},"48":{"start":{"line":49,"column":0},"end":{"line":49,"column":37}},"49":{"start":{"line":50,"column":0},"end":{"line":50,"column":4}},"50":{"start":{"line":51,"column":0},"end":{"line":51,"column":13}},"51":{"start":{"line":52,"column":0},"end":{"line":52,"column":54}},"52":{"start":{"line":53,"column":0},"end":{"line":53,"column":14}},"53":{"start":{"line":54,"column":0},"end":{"line":54,"column":4}},"54":{"start":{"line":55,"column":0},"end":{"line":55,"column":3}},"55":{"start":{"line":56,"column":0},"end":{"line":56,"column":48}},"57":{"start":{"line":58,"column":0},"end":{"line":58,"column":37}},"60":{"start":{"line":61,"column":0},"end":{"line":61,"column":37}},"61":{"start":{"line":62,"column":0},"end":{"line":62,"column":68}},"62":{"start":{"line":63,"column":0},"end":{"line":63,"column":3}},"63":{"start":{"line":64,"column":0},"end":{"line":64,"column":40}},"65":{"start":{"line":66,"column":0},"end":{"line":66,"column":36}},"68":{"start":{"line":69,"column":0},"end":{"line":69,"column":37}},"69":{"start":{"line":70,"column":0},"end":{"line":70,"column":6}},"70":{"start":{"line":71,"column":0},"end":{"line":71,"column":13}},"71":{"start":{"line":72,"column":0},"end":{"line":72,"column":110}},"72":{"start":{"line":73,"column":0},"end":{"line":73,"column":14}},"73":{"start":{"line":74,"column":0},"end":{"line":74,"column":4}},"74":{"start":{"line":75,"column":0},"end":{"line":75,"column":3}},"75":{"start":{"line":76,"column":0},"end":{"line":76,"column":38}}},"s":{"0":0,"3":0,"6":0,"7":0,"8":0,"9":0,"10":0,"11":0,"12":0,"13":0,"14":0,"15":0,"16":0,"18":0,"21":0,"22":0,"23":0,"24":0,"25":0,"26":0,"27":0,"28":0,"30":0,"33":0,"34":0,"35":0,"36":0,"37":0,"38":0,"39":0,"40":0,"41":0,"42":0,"43":0,"45":0,"48":0,"49":0,"50":0,"51":0,"52":0,"53":0,"54":0,"55":0,"57":0,"60":0,"61":0,"62":0,"63":0,"65":0,"68":0,"69":0,"70":0,"71":0,"72":0,"73":0,"74":0,"75":0},"branchMap":{"0":{"type":"branch","line":1,"loc":{"start":{"line":1,"column":0},"end":{"line":78,"column":-721}},"locations":[{"start":{"line":1,"column":0},"end":{"line":78,"column":-721}}]}},"b":{"0":[0]},"fnMap":{"0":{"name":"(empty-report)","decl":{"start":{"line":1,"column":0},"end":{"line":78,"column":-721}},"loc":{"start":{"line":1,"column":0},"end":{"line":78,"column":-721}},"line":1}},"f":{"0":0}}
,"/Users/ruben/Code/competitie-planner.nl/competitie-planner.nl/frontend/src/components/Input.test.tsx": {"path":"/Users/ruben/Code/competitie-planner.nl/competitie-planner.nl/frontend/src/components/Input.test.tsx","all":false,"statementMap":{"0":{"start":{"line":1,"column":0},"end":{"line":1,"column":55}},"1":{"start":{"line":2,"column":0},"end":{"line":2,"column":45}},"2":{"start":{"line":3,"column":0},"end":{"line":3,"column":31}},"4":{"start":{"line":5,"column":0},"end":{"line":5,"column":35}},"5":{"start":{"line":6,"column":0},"end":{"line":6,"column":37}},"6":{"start":{"line":7,"column":0},"end":{"line":7,"column":21}},"7":{"start":{"line":8,"column":0},"end":{"line":8,"column":59}},"8":{"start":{"line":9,"column":0},"end":{"line":9,"column":4}},"10":{"start":{"line":11,"column":0},"end":{"line":11,"column":34}},"11":{"start":{"line":12,"column":0},"end":{"line":12,"column":35}},"12":{"start":{"line":13,"column":0},"end":{"line":13,"column":63}},"13":{"start":{"line":14,"column":0},"end":{"line":14,"column":4}},"15":{"start":{"line":16,"column":0},"end":{"line":16,"column":42}},"16":{"start":{"line":17,"column":0},"end":{"line":17,"column":43}},"17":{"start":{"line":18,"column":0},"end":{"line":18,"column":73}},"18":{"start":{"line":19,"column":0},"end":{"line":19,"column":4}},"20":{"start":{"line":21,"column":0},"end":{"line":21,"column":40}},"21":{"start":{"line":22,"column":0},"end":{"line":22,"column":51}},"22":{"start":{"line":23,"column":0},"end":{"line":23,"column":69}},"23":{"start":{"line":24,"column":0},"end":{"line":24,"column":4}},"25":{"start":{"line":26,"column":0},"end":{"line":26,"column":40}},"26":{"start":{"line":27,"column":0},"end":{"line":27,"column":44}},"27":{"start":{"line":28,"column":0},"end":{"line":28,"column":53}},"28":{"start":{"line":29,"column":0},"end":{"line":29,"column":4}},"30":{"start":{"line":31,"column":0},"end":{"line":31,"column":37}},"31":{"start":{"line":32,"column":0},"end":{"line":32,"column":35}},"32":{"start":{"line":33,"column":0},"end":{"line":33,"column":69}},"33":{"start":{"line":34,"column":0},"end":{"line":34,"column":4}},"35":{"start":{"line":36,"column":0},"end":{"line":36,"column":40}},"36":{"start":{"line":37,"column":0},"end":{"line":37,"column":46}},"37":{"start":{"line":38,"column":0},"end":{"line":38,"column":67}},"38":{"start":{"line":39,"column":0},"end":{"line":39,"column":4}},"40":{"start":{"line":41,"column":0},"end":{"line":41,"column":45}},"41":{"start":{"line":42,"column":0},"end":{"line":42,"column":55}},"42":{"start":{"line":43,"column":0},"end":{"line":43,"column":76}},"44":{"start":{"line":45,"column":0},"end":{"line":45,"column":37}},"45":{"start":{"line":46,"column":0},"end":{"line":46,"column":77}},"46":{"start":{"line":47,"column":0},"end":{"line":47,"column":4}},"47":{"start":{"line":48,"column":0},"end":{"line":48,"column":2}}},"s":{"0":1,"1":1,"2":1,"4":1,"5":1,"6":1,"7":1,"8":1,"10":1,"11":1,"12":1,"13":1,"15":1,"16":1,"17":1,"18":1,"20":1,"21":1,"22":1,"23":1,"25":1,"26":1,"27":1,"28":1,"30":1,"31":1,"32":1,"33":1,"35":1,"36":1,"37":1,"38":1,"40":1,"41":1,"42":1,"44":1,"45":1,"46":1,"47":1},"branchMap":{"0":{"type":"branch","line":5,"loc":{"start":{"line":5,"column":28},"end":{"line":48,"column":2}},"locations":[{"start":{"line":5,"column":28},"end":{"line":48,"column":2}}]},"1":{"type":"branch","line":6,"loc":{"start":{"line":6,"column":30},"end":{"line":9,"column":3}},"locations":[{"start":{"line":6,"column":30},"end":{"line":9,"column":3}}]},"2":{"type":"branch","line":11,"loc":{"start":{"line":11,"column":27},"end":{"line":14,"column":3}},"locations":[{"start":{"line":11,"column":27},"end":{"line":14,"column":3}}]},"3":{"type":"branch","line":16,"loc":{"start":{"line":16,"column":35},"end":{"line":19,"column":3}},"locations":[{"start":{"line":16,"column":35},"end":{"line":19,"column":3}}]},"4":{"type":"branch","line":21,"loc":{"start":{"line":21,"column":33},"end":{"line":24,"column":3}},"locations":[{"start":{"line":21,"column":33},"end":{"line":24,"column":3}}]},"5":{"type":"branch","line":26,"loc":{"start":{"line":26,"column":33},"end":{"line":29,"column":3}},"locations":[{"start":{"line":26,"column":33},"end":{"line":29,"column":3}}]},"6":{"type":"branch","line":31,"loc":{"start":{"line":31,"column":30},"end":{"line":34,"column":3}},"locations":[{"start":{"line":31,"column":30},"end":{"line":34,"column":3}}]},"7":{"type":"branch","line":36,"loc":{"start":{"line":36,"column":33},"end":{"line":39,"column":3}},"locations":[{"start":{"line":36,"column":33},"end":{"line":39,"column":3}}]},"8":{"type":"branch","line":41,"loc":{"start":{"line":41,"column":38},"end":{"line":47,"column":3}},"locations":[{"start":{"line":41,"column":38},"end":{"line":47,"column":3}}]}},"b":{"0":[1],"1":[1],"2":[1],"3":[1],"4":[1],"5":[1],"6":[1],"7":[1],"8":[1]},"fnMap":{},"f":{}}
,"/Users/ruben/Code/competitie-planner.nl/competitie-planner.nl/frontend/src/components/Input.tsx": {"path":"/Users/ruben/Code/competitie-planner.nl/competitie-planner.nl/frontend/src/components/Input.tsx","all":false,"statementMap":{"0":{"start":{"line":1,"column":0},"end":{"line":1,"column":31}},"10":{"start":{"line":11,"column":0},"end":{"line":11,"column":61}},"11":{"start":{"line":12,"column":0},"end":{"line":12,"column":79}},"12":{"start":{"line":13,"column":0},"end":{"line":13,"column":40}},"13":{"start":{"line":14,"column":0},"end":{"line":14,"column":39}},"14":{"start":{"line":15,"column":0},"end":{"line":15,"column":41}},"16":{"start":{"line":17,"column":0},"end":{"line":17,"column":12}},"17":{"start":{"line":18,"column":0},"end":{"line":18,"column":30}},"18":{"start":{"line":19,"column":0},"end":{"line":19,"column":19}},"19":{"start":{"line":20,"column":0},"end":{"line":20,"column":92}},"20":{"start":{"line":21,"column":0},"end":{"line":21,"column":19}},"21":{"start":{"line":22,"column":0},"end":{"line":22,"column":105}},"22":{"start":{"line":23,"column":0},"end":{"line":23,"column":18}},"24":{"start":{"line":25,"column":0},"end":{"line":25,"column":34}},"25":{"start":{"line":26,"column":0},"end":{"line":26,"column":20}},"26":{"start":{"line":27,"column":0},"end":{"line":27,"column":103}},"27":{"start":{"line":28,"column":0},"end":{"line":28,"column":20}},"28":{"start":{"line":29,"column":0},"end":{"line":29,"column":18}},"30":{"start":{"line":31,"column":0},"end":{"line":31,"column":16}},"31":{"start":{"line":32,"column":0},"end":{"line":32,"column":23}},"32":{"start":{"line":33,"column":0},"end":{"line":33,"column":24}},"33":{"start":{"line":34,"column":0},"end":{"line":34,"column":26}},"34":{"start":{"line":35,"column":0},"end":{"line":35,"column":369}},"35":{"start":{"line":36,"column":0},"end":{"line":36,"column":30}},"36":{"start":{"line":37,"column":0},"end":{"line":37,"column":86}},"37":{"start":{"line":38,"column":0},"end":{"line":38,"column":23}},"38":{"start":{"line":39,"column":0},"end":{"line":39,"column":14}},"39":{"start":{"line":40,"column":0},"end":{"line":40,"column":21}},"40":{"start":{"line":41,"column":0},"end":{"line":41,"column":51}},"41":{"start":{"line":42,"column":0},"end":{"line":42,"column":82}},"42":{"start":{"line":43,"column":0},"end":{"line":43,"column":22}},"43":{"start":{"line":44,"column":0},"end":{"line":44,"column":12}},"44":{"start":{"line":45,"column":0},"end":{"line":45,"column":14}},"45":{"start":{"line":46,"column":0},"end":{"line":46,"column":109}},"46":{"start":{"line":47,"column":0},"end":{"line":47,"column":106}},"47":{"start":{"line":48,"column":0},"end":{"line":48,"column":12}},"49":{"start":{"line":50,"column":0},"end":{"line":50,"column":3}},"50":{"start":{"line":51,"column":0},"end":{"line":51,"column":2}},"51":{"start":{"line":52,"column":0},"end":{"line":52,"column":28}}},"s":{"0":1,"10":1,"11":1,"12":9,"13":9,"14":9,"16":9,"17":9,"18":9,"19":2,"20":2,"21":2,"22":2,"24":9,"25":9,"26":0,"27":0,"28":0,"30":9,"31":9,"32":9,"33":9,"34":9,"35":9,"36":9,"37":9,"38":9,"39":9,"40":9,"41":9,"42":9,"43":9,"44":9,"45":9,"46":9,"47":9,"49":9,"50":1,"51":1},"branchMap":{"0":{"type":"branch","line":12,"loc":{"start":{"line":12,"column":2},"end":{"line":50,"column":3}},"locations":[{"start":{"line":12,"column":2},"end":{"line":50,"column":3}}]},"1":{"type":"branch","line":19,"loc":{"start":{"line":19,"column":9},"end":{"line":23,"column":18}},"locations":[{"start":{"line":19,"column":9},"end":{"line":23,"column":18}}]},"2":{"type":"branch","line":22,"loc":{"start":{"line":22,"column":19},"end":{"line":22,"column":105}},"locations":[{"start":{"line":22,"column":19},"end":{"line":22,"column":105}}]},"3":{"type":"branch","line":26,"loc":{"start":{"line":26,"column":11},"end":{"line":29,"column":18}},"locations":[{"start":{"line":26,"column":11},"end":{"line":29,"column":18}}]},"4":{"type":"branch","line":36,"loc":{"start":{"line":36,"column":14},"end":{"line":36,"column":30}},"locations":[{"start":{"line":36,"column":14},"end":{"line":36,"column":30}}]},"5":{"type":"branch","line":37,"loc":{"start":{"line":37,"column":14},"end":{"line":37,"column":68}},"locations":[{"start":{"line":37,"column":14},"end":{"line":37,"column":68}}]},"6":{"type":"branch","line":37,"loc":{"start":{"line":37,"column":22},"end":{"line":37,"column":86}},"locations":[{"start":{"line":37,"column":22},"end":{"line":37,"column":86}}]},"7":{"type":"branch","line":41,"loc":{"start":{"line":41,"column":26},"end":{"line":41,"column":41}},"locations":[{"start":{"line":41,"column":26},"end":{"line":41,"column":41}}]},"8":{"type":"branch","line":41,"loc":{"start":{"line":41,"column":34},"end":{"line":41,"column":51}},"locations":[{"start":{"line":41,"column":34},"end":{"line":41,"column":51}}]},"9":{"type":"branch","line":42,"loc":{"start":{"line":42,"column":30},"end":{"line":42,"column":48}},"locations":[{"start":{"line":42,"column":30},"end":{"line":42,"column":48}}]},"10":{"type":"branch","line":42,"loc":{"start":{"line":42,"column":38},"end":{"line":42,"column":82}},"locations":[{"start":{"line":42,"column":38},"end":{"line":42,"column":82}}]},"11":{"type":"branch","line":42,"loc":{"start":{"line":42,"column":48},"end":{"line":42,"column":72}},"locations":[{"start":{"line":42,"column":48},"end":{"line":42,"column":72}}]},"12":{"type":"branch","line":42,"loc":{"start":{"line":42,"column":61},"end":{"line":42,"column":82}},"locations":[{"start":{"line":42,"column":61},"end":{"line":42,"column":82}}]},"13":{"type":"branch","line":46,"loc":{"start":{"line":46,"column":9},"end":{"line":46,"column":109}},"locations":[{"start":{"line":46,"column":9},"end":{"line":46,"column":109}}]},"14":{"type":"branch","line":47,"loc":{"start":{"line":47,"column":9},"end":{"line":47,"column":33}},"locations":[{"start":{"line":47,"column":9},"end":{"line":47,"column":33}}]},"15":{"type":"branch","line":47,"loc":{"start":{"line":47,"column":24},"end":{"line":47,"column":106}},"locations":[{"start":{"line":47,"column":24},"end":{"line":47,"column":106}}]}},"b":{"0":[9],"1":[2],"2":[1],"3":[0],"4":[0],"5":[2],"6":[7],"7":[2],"8":[7],"9":[2],"10":[7],"11":[1],"12":[6],"13":[2],"14":[1],"15":[1]},"fnMap":{},"f":{}}
,"/Users/ruben/Code/competitie-planner.nl/competitie-planner.nl/frontend/src/components/LoadingSkeleton.tsx": {"path":"/Users/ruben/Code/competitie-planner.nl/competitie-planner.nl/frontend/src/components/LoadingSkeleton.tsx","all":true,"statementMap":{"0":{"start":{"line":1,"column":0},"end":{"line":1,"column":34}},"2":{"start":{"line":3,"column":0},"end":{"line":3,"column":19}},"3":{"start":{"line":4,"column":0},"end":{"line":4,"column":12}},"4":{"start":{"line":5,"column":0},"end":{"line":5,"column":10}},"5":{"start":{"line":6,"column":0},"end":{"line":6,"column":42}},"6":{"start":{"line":7,"column":0},"end":{"line":7,"column":10}},"7":{"start":{"line":8,"column":0},"end":{"line":8,"column":8}},"8":{"start":{"line":9,"column":0},"end":{"line":9,"column":71}},"9":{"start":{"line":10,"column":0},"end":{"line":10,"column":16}},"10":{"start":{"line":11,"column":0},"end":{"line":11,"column":6}},"12":{"start":{"line":13,"column":0},"end":{"line":13,"column":1}},"14":{"start":{"line":15,"column":0},"end":{"line":15,"column":59}},"15":{"start":{"line":16,"column":0},"end":{"line":16,"column":10}},"16":{"start":{"line":17,"column":0},"end":{"line":17,"column":38}},"17":{"start":{"line":18,"column":0},"end":{"line":18,"column":42}},"18":{"start":{"line":19,"column":0},"end":{"line":19,"column":33}},"19":{"start":{"line":20,"column":0},"end":{"line":20,"column":53}},"20":{"start":{"line":21,"column":0},"end":{"line":21,"column":54}},"21":{"start":{"line":22,"column":0},"end":{"line":22,"column":11}},"22":{"start":{"line":23,"column":0},"end":{"line":23,"column":12}},"23":{"start":{"line":24,"column":0},"end":{"line":24,"column":10}},"25":{"start":{"line":26,"column":0},"end":{"line":26,"column":1}}},"s":{"0":0,"2":0,"3":0,"4":0,"5":0,"6":0,"7":0,"8":0,"9":0,"10":0,"12":0,"14":0,"15":0,"16":0,"17":0,"18":0,"19":0,"20":0,"21":0,"22":0,"23":0,"25":0},"branchMap":{"0":{"type":"branch","line":1,"loc":{"start":{"line":1,"column":0},"end":{"line":28,"column":-448}},"locations":[{"start":{"line":1,"column":0},"end":{"line":28,"column":-448}}]}},"b":{"0":[0]},"fnMap":{"0":{"name":"(empty-report)","decl":{"start":{"line":1,"column":0},"end":{"line":28,"column":-448}},"loc":{"start":{"line":1,"column":0},"end":{"line":28,"column":-448}},"line":1}},"f":{"0":0}}
,"/Users/ruben/Code/competitie-planner.nl/competitie-planner.nl/frontend/src/components/Modal.test.tsx": {"path":"/Users/ruben/Code/competitie-planner.nl/competitie-planner.nl/frontend/src/components/Modal.test.tsx","all":false,"statementMap":{"0":{"start":{"line":1,"column":0},"end":{"line":1,"column":66}},"1":{"start":{"line":2,"column":0},"end":{"line":2,"column":49}},"2":{"start":{"line":3,"column":0},"end":{"line":3,"column":31}},"4":{"start":{"line":5,"column":0},"end":{"line":5,"column":35}},"5":{"start":{"line":6,"column":0},"end":{"line":6,"column":43}},"6":{"start":{"line":7,"column":0},"end":{"line":7,"column":68}},"7":{"start":{"line":8,"column":0},"end":{"line":8,"column":64}},"8":{"start":{"line":9,"column":0},"end":{"line":9,"column":4}},"10":{"start":{"line":11,"column":0},"end":{"line":11,"column":39}},"11":{"start":{"line":12,"column":0},"end":{"line":12,"column":73}},"12":{"start":{"line":13,"column":0},"end":{"line":13,"column":58}},"13":{"start":{"line":14,"column":0},"end":{"line":14,"column":62}},"14":{"start":{"line":15,"column":0},"end":{"line":15,"column":4}},"16":{"start":{"line":17,"column":0},"end":{"line":17,"column":55}},"17":{"start":{"line":18,"column":0},"end":{"line":18,"column":27}},"18":{"start":{"line":19,"column":0},"end":{"line":19,"column":66}},"20":{"start":{"line":21,"column":0},"end":{"line":21,"column":69}},"21":{"start":{"line":22,"column":0},"end":{"line":22,"column":44}},"22":{"start":{"line":23,"column":0},"end":{"line":23,"column":4}},"24":{"start":{"line":25,"column":0},"end":{"line":25,"column":51}},"25":{"start":{"line":26,"column":0},"end":{"line":26,"column":27}},"26":{"start":{"line":27,"column":0},"end":{"line":27,"column":66}},"28":{"start":{"line":29,"column":0},"end":{"line":29,"column":79}},"29":{"start":{"line":30,"column":0},"end":{"line":30,"column":44}},"30":{"start":{"line":31,"column":0},"end":{"line":31,"column":4}},"32":{"start":{"line":33,"column":0},"end":{"line":33,"column":35}},"33":{"start":{"line":34,"column":0},"end":{"line":34,"column":103}},"34":{"start":{"line":35,"column":0},"end":{"line":35,"column":73}},"35":{"start":{"line":36,"column":0},"end":{"line":36,"column":4}},"37":{"start":{"line":38,"column":0},"end":{"line":38,"column":32}},"38":{"start":{"line":39,"column":0},"end":{"line":39,"column":11}},"39":{"start":{"line":40,"column":0},"end":{"line":40,"column":59}},"40":{"start":{"line":41,"column":0},"end":{"line":41,"column":54}},"41":{"start":{"line":42,"column":0},"end":{"line":42,"column":14}},"42":{"start":{"line":43,"column":0},"end":{"line":43,"column":5}},"43":{"start":{"line":44,"column":0},"end":{"line":44,"column":76}},"44":{"start":{"line":45,"column":0},"end":{"line":45,"column":4}},"46":{"start":{"line":47,"column":0},"end":{"line":47,"column":30}},"47":{"start":{"line":48,"column":0},"end":{"line":48,"column":11}},"48":{"start":{"line":49,"column":0},"end":{"line":49,"column":94}},"49":{"start":{"line":50,"column":0},"end":{"line":50,"column":5}},"50":{"start":{"line":51,"column":0},"end":{"line":51,"column":79}},"51":{"start":{"line":52,"column":0},"end":{"line":52,"column":4}},"53":{"start":{"line":54,"column":0},"end":{"line":54,"column":64}},"54":{"start":{"line":55,"column":0},"end":{"line":55,"column":91}},"55":{"start":{"line":56,"column":0},"end":{"line":56,"column":86}},"56":{"start":{"line":57,"column":0},"end":{"line":57,"column":4}},"58":{"start":{"line":59,"column":0},"end":{"line":59,"column":44}},"59":{"start":{"line":60,"column":0},"end":{"line":60,"column":89}},"60":{"start":{"line":61,"column":0},"end":{"line":61,"column":67}},"62":{"start":{"line":63,"column":0},"end":{"line":63,"column":70}},"63":{"start":{"line":64,"column":0},"end":{"line":64,"column":67}},"64":{"start":{"line":65,"column":0},"end":{"line":65,"column":4}},"65":{"start":{"line":66,"column":0},"end":{"line":66,"column":2}}},"s":{"0":1,"1":1,"2":1,"4":1,"5":1,"6":1,"7":1,"8":1,"10":1,"11":1,"12":1,"13":1,"14":1,"16":1,"17":1,"18":1,"20":1,"21":1,"22":1,"24":1,"25":1,"26":1,"28":1,"29":1,"30":1,"32":1,"33":1,"34":1,"35":1,"37":1,"38":1,"39":1,"40":1,"41":1,"42":1,"43":1,"44":1,"46":1,"47":1,"48":1,"49":1,"50":1,"51":1,"53":1,"54":1,"55":1,"56":1,"58":1,"59":1,"60":1,"62":1,"63":1,"64":1,"65":1},"branchMap":{"0":{"type":"branch","line":5,"loc":{"start":{"line":5,"column":28},"end":{"line":66,"column":2}},"locations":[{"start":{"line":5,"column":28},"end":{"line":66,"column":2}}]},"1":{"type":"branch","line":6,"loc":{"start":{"line":6,"column":36},"end":{"line":9,"column":3}},"locations":[{"start":{"line":6,"column":36},"end":{"line":9,"column":3}}]},"2":{"type":"branch","line":11,"loc":{"start":{"line":11,"column":32},"end":{"line":15,"column":3}},"locations":[{"start":{"line":11,"column":32},"end":{"line":15,"column":3}}]},"3":{"type":"branch","line":17,"loc":{"start":{"line":17,"column":48},"end":{"line":23,"column":3}},"locations":[{"start":{"line":17,"column":48},"end":{"line":23,"column":3}}]},"4":{"type":"branch","line":25,"loc":{"start":{"line":25,"column":44},"end":{"line":31,"column":3}},"locations":[{"start":{"line":25,"column":44},"end":{"line":31,"column":3}}]},"5":{"type":"branch","line":33,"loc":{"start":{"line":33,"column":28},"end":{"line":36,"column":3}},"locations":[{"start":{"line":33,"column":28},"end":{"line":36,"column":3}}]},"6":{"type":"branch","line":38,"loc":{"start":{"line":38,"column":25},"end":{"line":45,"column":3}},"locations":[{"start":{"line":38,"column":25},"end":{"line":45,"column":3}}]},"7":{"type":"branch","line":47,"loc":{"start":{"line":47,"column":23},"end":{"line":52,"column":3}},"locations":[{"start":{"line":47,"column":23},"end":{"line":52,"column":3}}]},"8":{"type":"branch","line":54,"loc":{"start":{"line":54,"column":57},"end":{"line":57,"column":3}},"locations":[{"start":{"line":54,"column":57},"end":{"line":57,"column":3}}]},"9":{"type":"branch","line":59,"loc":{"start":{"line":59,"column":37},"end":{"line":65,"column":3}},"locations":[{"start":{"line":59,"column":37},"end":{"line":65,"column":3}}]}},"b":{"0":[1],"1":[1],"2":[1],"3":[1],"4":[1],"5":[1],"6":[1],"7":[1],"8":[1],"9":[1]},"fnMap":{"0":{"name":"onClose","decl":{"start":{"line":7,"column":55},"end":{"line":7,"column":65}},"loc":{"start":{"line":7,"column":55},"end":{"line":7,"column":65}},"line":7},"1":{"name":"onClose","decl":{"start":{"line":12,"column":60},"end":{"line":12,"column":70}},"loc":{"start":{"line":12,"column":60},"end":{"line":12,"column":70}},"line":12},"2":{"name":"onClose","decl":{"start":{"line":34,"column":90},"end":{"line":34,"column":100}},"loc":{"start":{"line":34,"column":90},"end":{"line":34,"column":100}},"line":34},"3":{"name":"onClose","decl":{"start":{"line":40,"column":49},"end":{"line":40,"column":59}},"loc":{"start":{"line":40,"column":49},"end":{"line":40,"column":59}},"line":40},"4":{"name":"onClose","decl":{"start":{"line":49,"column":82},"end":{"line":49,"column":92}},"loc":{"start":{"line":49,"column":82},"end":{"line":49,"column":92}},"line":49},"5":{"name":"onClose","decl":{"start":{"line":55,"column":78},"end":{"line":55,"column":88}},"loc":{"start":{"line":55,"column":78},"end":{"line":55,"column":88}},"line":55},"6":{"name":"onClose","decl":{"start":{"line":60,"column":76},"end":{"line":60,"column":86}},"loc":{"start":{"line":60,"column":76},"end":{"line":60,"column":86}},"line":60},"7":{"name":"onClose","decl":{"start":{"line":63,"column":57},"end":{"line":63,"column":67}},"loc":{"start":{"line":63,"column":57},"end":{"line":63,"column":67}},"line":63}},"f":{"0":0,"1":0,"2":0,"3":0,"4":0,"5":0,"6":0,"7":0}}
,"/Users/ruben/Code/competitie-planner.nl/competitie-planner.nl/frontend/src/components/Modal.tsx": {"path":"/Users/ruben/Code/competitie-planner.nl/competitie-planner.nl/frontend/src/components/Modal.tsx","all":false,"statementMap":{"0":{"start":{"line":1,"column":0},"end":{"line":1,"column":31}},"15":{"start":{"line":16,"column":0},"end":{"line":16,"column":25}},"16":{"start":{"line":17,"column":0},"end":{"line":17,"column":17}},"17":{"start":{"line":18,"column":0},"end":{"line":18,"column":17}},"18":{"start":{"line":19,"column":0},"end":{"line":19,"column":17}},"19":{"start":{"line":20,"column":0},"end":{"line":20,"column":17}},"20":{"start":{"line":21,"column":0},"end":{"line":21,"column":17}},"21":{"start":{"line":22,"column":0},"end":{"line":22,"column":21}},"22":{"start":{"line":23,"column":0},"end":{"line":23,"column":21}},"23":{"start":{"line":24,"column":0},"end":{"line":24,"column":21}},"24":{"start":{"line":25,"column":0},"end":{"line":25,"column":21}},"25":{"start":{"line":26,"column":0},"end":{"line":26,"column":2}},"27":{"start":{"line":28,"column":0},"end":{"line":28,"column":38}},"28":{"start":{"line":29,"column":0},"end":{"line":29,"column":9}},"29":{"start":{"line":30,"column":0},"end":{"line":30,"column":10}},"30":{"start":{"line":31,"column":0},"end":{"line":31,"column":8}},"31":{"start":{"line":32,"column":0},"end":{"line":32,"column":14}},"32":{"start":{"line":33,"column":0},"end":{"line":33,"column":11}},"33":{"start":{"line":34,"column":0},"end":{"line":34,"column":9}},"34":{"start":{"line":35,"column":0},"end":{"line":35,"column":18}},"35":{"start":{"line":36,"column":0},"end":{"line":36,"column":25}},"36":{"start":{"line":37,"column":0},"end":{"line":37,"column":7}},"37":{"start":{"line":38,"column":0},"end":{"line":38,"column":54}},"38":{"start":{"line":39,"column":0},"end":{"line":39,"column":71}},"40":{"start":{"line":41,"column":0},"end":{"line":41,"column":25}},"41":{"start":{"line":42,"column":0},"end":{"line":42,"column":45}},"42":{"start":{"line":43,"column":0},"end":{"line":43,"column":40}},"43":{"start":{"line":44,"column":0},"end":{"line":44,"column":6}},"44":{"start":{"line":45,"column":0},"end":{"line":45,"column":17}},"45":{"start":{"line":46,"column":0},"end":{"line":46,"column":54}},"46":{"start":{"line":47,"column":0},"end":{"line":47,"column":46}},"47":{"start":{"line":48,"column":0},"end":{"line":48,"column":76}},"48":{"start":{"line":49,"column":0},"end":{"line":49,"column":32}},"49":{"start":{"line":50,"column":0},"end":{"line":50,"column":5}},"50":{"start":{"line":51,"column":0},"end":{"line":51,"column":18}},"51":{"start":{"line":52,"column":0},"end":{"line":52,"column":57}},"52":{"start":{"line":53,"column":0},"end":{"line":53,"column":45}},"53":{"start":{"line":54,"column":0},"end":{"line":54,"column":45}},"54":{"start":{"line":55,"column":0},"end":{"line":55,"column":6}},"55":{"start":{"line":56,"column":0},"end":{"line":56,"column":24}},"57":{"start":{"line":58,"column":0},"end":{"line":58,"column":27}},"59":{"start":{"line":60,"column":0},"end":{"line":60,"column":95}},"60":{"start":{"line":61,"column":0},"end":{"line":61,"column":113}},"62":{"start":{"line":63,"column":0},"end":{"line":63,"column":10}},"63":{"start":{"line":64,"column":0},"end":{"line":64,"column":9}},"64":{"start":{"line":65,"column":0},"end":{"line":65,"column":103}},"65":{"start":{"line":66,"column":0},"end":{"line":66,"column":25}},"68":{"start":{"line":69,"column":0},"end":{"line":69,"column":11}},"69":{"start":{"line":70,"column":0},"end":{"line":70,"column":101}},"70":{"start":{"line":71,"column":0},"end":{"line":71,"column":25}},"71":{"start":{"line":72,"column":0},"end":{"line":72,"column":26}},"72":{"start":{"line":73,"column":0},"end":{"line":73,"column":8}},"75":{"start":{"line":76,"column":0},"end":{"line":76,"column":10}},"76":{"start":{"line":77,"column":0},"end":{"line":77,"column":22}},"77":{"start":{"line":78,"column":0},"end":{"line":78,"column":21}},"78":{"start":{"line":79,"column":0},"end":{"line":79,"column":25}},"79":{"start":{"line":80,"column":0},"end":{"line":80,"column":33}},"80":{"start":{"line":81,"column":0},"end":{"line":81,"column":40}},"81":{"start":{"line":82,"column":0},"end":{"line":82,"column":22}},"82":{"start":{"line":83,"column":0},"end":{"line":83,"column":151}},"83":{"start":{"line":84,"column":0},"end":{"line":84,"column":36}},"84":{"start":{"line":85,"column":0},"end":{"line":85,"column":26}},"85":{"start":{"line":86,"column":0},"end":{"line":86,"column":10}},"86":{"start":{"line":87,"column":0},"end":{"line":87,"column":21}},"88":{"start":{"line":89,"column":0},"end":{"line":89,"column":40}},"89":{"start":{"line":90,"column":0},"end":{"line":90,"column":80}},"90":{"start":{"line":91,"column":0},"end":{"line":91,"column":17}},"91":{"start":{"line":92,"column":0},"end":{"line":92,"column":111}},"92":{"start":{"line":93,"column":0},"end":{"line":93,"column":109}},"93":{"start":{"line":94,"column":0},"end":{"line":94,"column":18}},"94":{"start":{"line":95,"column":0},"end":{"line":95,"column":33}},"95":{"start":{"line":96,"column":0},"end":{"line":96,"column":21}},"96":{"start":{"line":97,"column":0},"end":{"line":97,"column":33}},"97":{"start":{"line":98,"column":0},"end":{"line":98,"column":166}},"98":{"start":{"line":99,"column":0},"end":{"line":99,"column":36}},"100":{"start":{"line":101,"column":0},"end":{"line":101,"column":60}},"101":{"start":{"line":102,"column":0},"end":{"line":102,"column":23}},"103":{"start":{"line":104,"column":0},"end":{"line":104,"column":16}},"106":{"start":{"line":107,"column":0},"end":{"line":107,"column":64}},"107":{"start":{"line":108,"column":0},"end":{"line":108,"column":20}},"108":{"start":{"line":109,"column":0},"end":{"line":109,"column":14}},"110":{"start":{"line":111,"column":0},"end":{"line":111,"column":20}},"111":{"start":{"line":112,"column":0},"end":{"line":112,"column":90}},"112":{"start":{"line":113,"column":0},"end":{"line":113,"column":20}},"113":{"start":{"line":114,"column":0},"end":{"line":114,"column":16}},"115":{"start":{"line":116,"column":0},"end":{"line":116,"column":12}},"116":{"start":{"line":117,"column":0},"end":{"line":117,"column":10}},"118":{"start":{"line":119,"column":0},"end":{"line":119,"column":2}}},"s":{"0":1,"15":1,"16":1,"17":1,"18":1,"19":1,"20":1,"21":1,"22":1,"23":1,"24":1,"25":1,"27":1,"28":10,"29":10,"30":10,"31":10,"32":10,"33":10,"34":10,"35":10,"36":10,"37":10,"38":10,"40":10,"41":10,"42":0,"43":0,"44":10,"45":9,"46":9,"47":9,"48":9,"49":9,"50":10,"51":10,"52":10,"53":10,"54":10,"55":10,"57":10,"59":10,"60":10,"62":10,"63":10,"64":10,"65":10,"68":10,"69":10,"70":10,"71":10,"72":10,"75":10,"76":10,"77":10,"78":10,"79":10,"80":10,"81":10,"82":10,"83":10,"84":10,"85":10,"86":10,"88":10,"89":9,"90":9,"91":9,"92":9,"93":9,"94":9,"95":8,"96":8,"97":8,"98":8,"100":8,"101":8,"103":9,"106":10,"107":10,"108":10,"110":10,"111":1,"112":1,"113":1,"115":10,"116":10,"118":10},"branchMap":{"0":{"type":"branch","line":28,"loc":{"start":{"line":28,"column":36},"end":{"line":119,"column":2}},"locations":[{"start":{"line":28,"column":36},"end":{"line":119,"column":2}}]},"1":{"type":"branch","line":58,"loc":{"start":{"line":58,"column":15},"end":{"line":58,"column":27}},"locations":[{"start":{"line":58,"column":15},"end":{"line":58,"column":27}}]},"2":{"type":"branch","line":58,"loc":{"start":{"line":58,"column":22},"end":{"line":60,"column":26}},"locations":[{"start":{"line":58,"column":22},"end":{"line":60,"column":26}}]},"3":{"type":"branch","line":60,"loc":{"start":{"line":60,"column":18},"end":{"line":60,"column":85}},"locations":[{"start":{"line":60,"column":18},"end":{"line":60,"column":85}}]},"4":{"type":"branch","line":60,"loc":{"start":{"line":60,"column":80},"end":{"line":60,"column":95}},"locations":[{"start":{"line":60,"column":80},"end":{"line":60,"column":95}}]},"5":{"type":"branch","line":61,"loc":{"start":{"line":61,"column":24},"end":{"line":61,"column":103}},"locations":[{"start":{"line":61,"column":24},"end":{"line":61,"column":103}}]},"6":{"type":"branch","line":61,"loc":{"start":{"line":61,"column":98},"end":{"line":61,"column":113}},"locations":[{"start":{"line":61,"column":98},"end":{"line":61,"column":113}}]},"7":{"type":"branch","line":89,"loc":{"start":{"line":89,"column":10},"end":{"line":89,"column":40}},"locations":[{"start":{"line":89,"column":10},"end":{"line":89,"column":40}}]},"8":{"type":"branch","line":89,"loc":{"start":{"line":89,"column":19},"end":{"line":104,"column":16}},"locations":[{"start":{"line":89,"column":19},"end":{"line":104,"column":16}}]},"9":{"type":"branch","line":92,"loc":{"start":{"line":92,"column":15},"end":{"line":92,"column":111}},"locations":[{"start":{"line":92,"column":15},"end":{"line":92,"column":111}}]},"10":{"type":"branch","line":93,"loc":{"start":{"line":93,"column":15},"end":{"line":93,"column":109}},"locations":[{"start":{"line":93,"column":15},"end":{"line":93,"column":109}}]},"11":{"type":"branch","line":95,"loc":{"start":{"line":95,"column":13},"end":{"line":102,"column":23}},"locations":[{"start":{"line":95,"column":13},"end":{"line":102,"column":23}}]},"12":{"type":"branch","line":111,"loc":{"start":{"line":111,"column":9},"end":{"line":114,"column":16}},"locations":[{"start":{"line":111,"column":9},"end":{"line":114,"column":16}}]},"13":{"type":"branch","line":41,"loc":{"start":{"line":41,"column":18},"end":{"line":56,"column":5}},"locations":[{"start":{"line":41,"column":18},"end":{"line":56,"column":5}}]},"14":{"type":"branch","line":45,"loc":{"start":{"line":45,"column":16},"end":{"line":50,"column":5}},"locations":[{"start":{"line":45,"column":16},"end":{"line":50,"column":5}}]},"15":{"type":"branch","line":51,"loc":{"start":{"line":51,"column":11},"end":{"line":55,"column":6}},"locations":[{"start":{"line":51,"column":11},"end":{"line":55,"column":6}}]},"16":{"type":"branch","line":54,"loc":{"start":{"line":54,"column":28},"end":{"line":54,"column":43}},"locations":[{"start":{"line":54,"column":28},"end":{"line":54,"column":43}}]}},"b":{"0":[10],"1":[1],"2":[9],"3":[7],"4":[2],"5":[1],"6":[8],"7":[2],"8":[9],"9":[7],"10":[1],"11":[8],"12":[1],"13":[10],"14":[9],"15":[10],"16":[9]},"fnMap":{"0":{"name":"Modal","decl":{"start":{"line":28,"column":36},"end":{"line":119,"column":2}},"loc":{"start":{"line":28,"column":36},"end":{"line":119,"column":2}},"line":28},"1":{"name":"handleEsc","decl":{"start":{"line":42,"column":22},"end":{"line":44,"column":6}},"loc":{"start":{"line":42,"column":22},"end":{"line":44,"column":6}},"line":42}},"f":{"0":10,"1":0}}
,"/Users/ruben/Code/competitie-planner.nl/competitie-planner.nl/frontend/src/components/Pagination.tsx": {"path":"/Users/ruben/Code/competitie-planner.nl/competitie-planner.nl/frontend/src/components/Pagination.tsx","all":true,"statementMap":{"0":{"start":{"line":1,"column":0},"end":{"line":1,"column":26}},"10":{"start":{"line":11,"column":0},"end":{"line":11,"column":55}},"11":{"start":{"line":12,"column":0},"end":{"line":12,"column":14}},"12":{"start":{"line":13,"column":0},"end":{"line":13,"column":13}},"13":{"start":{"line":14,"column":0},"end":{"line":14,"column":15}},"14":{"start":{"line":15,"column":0},"end":{"line":15,"column":21}},"15":{"start":{"line":16,"column":0},"end":{"line":16,"column":7}},"16":{"start":{"line":17,"column":0},"end":{"line":17,"column":35}},"18":{"start":{"line":19,"column":0},"end":{"line":19,"column":68}},"20":{"start":{"line":21,"column":0},"end":{"line":21,"column":27}},"21":{"start":{"line":22,"column":0},"end":{"line":22,"column":23}},"22":{"start":{"line":23,"column":0},"end":{"line":23,"column":73}},"23":{"start":{"line":24,"column":0},"end":{"line":24,"column":49}},"24":{"start":{"line":25,"column":0},"end":{"line":25,"column":3}},"26":{"start":{"line":27,"column":0},"end":{"line":27,"column":10}},"27":{"start":{"line":28,"column":0},"end":{"line":28,"column":88}},"28":{"start":{"line":29,"column":0},"end":{"line":29,"column":13}},"29":{"start":{"line":30,"column":0},"end":{"line":30,"column":53}},"30":{"start":{"line":31,"column":0},"end":{"line":31,"column":50}},"31":{"start":{"line":32,"column":0},"end":{"line":32,"column":131}},"32":{"start":{"line":33,"column":0},"end":{"line":33,"column":34}},"34":{"start":{"line":35,"column":0},"end":{"line":35,"column":62}},"35":{"start":{"line":36,"column":0},"end":{"line":36,"column":15}},"37":{"start":{"line":38,"column":0},"end":{"line":38,"column":31}},"38":{"start":{"line":39,"column":0},"end":{"line":39,"column":10}},"39":{"start":{"line":40,"column":0},"end":{"line":40,"column":17}},"40":{"start":{"line":41,"column":0},"end":{"line":41,"column":43}},"41":{"start":{"line":42,"column":0},"end":{"line":42,"column":33}},"42":{"start":{"line":43,"column":0},"end":{"line":43,"column":121}},"43":{"start":{"line":44,"column":0},"end":{"line":44,"column":41}},"44":{"start":{"line":45,"column":0},"end":{"line":45,"column":11}},"46":{"start":{"line":47,"column":0},"end":{"line":47,"column":19}},"47":{"start":{"line":48,"column":0},"end":{"line":48,"column":96}},"48":{"start":{"line":49,"column":0},"end":{"line":49,"column":11}},"51":{"start":{"line":52,"column":0},"end":{"line":52,"column":35}},"52":{"start":{"line":53,"column":0},"end":{"line":53,"column":15}},"53":{"start":{"line":54,"column":0},"end":{"line":54,"column":20}},"54":{"start":{"line":55,"column":0},"end":{"line":55,"column":44}},"55":{"start":{"line":56,"column":0},"end":{"line":56,"column":31}},"56":{"start":{"line":57,"column":0},"end":{"line":57,"column":60}},"57":{"start":{"line":58,"column":0},"end":{"line":58,"column":32}},"58":{"start":{"line":59,"column":0},"end":{"line":59,"column":76}},"59":{"start":{"line":60,"column":0},"end":{"line":60,"column":76}},"60":{"start":{"line":61,"column":0},"end":{"line":61,"column":13}},"61":{"start":{"line":62,"column":0},"end":{"line":62,"column":47}},"62":{"start":{"line":63,"column":0},"end":{"line":63,"column":66}},"64":{"start":{"line":65,"column":0},"end":{"line":65,"column":16}},"65":{"start":{"line":66,"column":0},"end":{"line":66,"column":17}},"66":{"start":{"line":67,"column":0},"end":{"line":67,"column":9}},"68":{"start":{"line":69,"column":0},"end":{"line":69,"column":62}},"69":{"start":{"line":70,"column":0},"end":{"line":70,"column":10}},"70":{"start":{"line":71,"column":0},"end":{"line":71,"column":70}},"71":{"start":{"line":72,"column":0},"end":{"line":72,"column":73}},"73":{"start":{"line":74,"column":0},"end":{"line":74,"column":17}},"74":{"start":{"line":75,"column":0},"end":{"line":75,"column":52}},"75":{"start":{"line":76,"column":0},"end":{"line":76,"column":33}},"76":{"start":{"line":77,"column":0},"end":{"line":77,"column":121}},"77":{"start":{"line":78,"column":0},"end":{"line":78,"column":55}},"79":{"start":{"line":80,"column":0},"end":{"line":80,"column":24}},"80":{"start":{"line":81,"column":0},"end":{"line":81,"column":19}},"81":{"start":{"line":82,"column":0},"end":{"line":82,"column":11}},"84":{"start":{"line":85,"column":0},"end":{"line":85,"column":13}},"85":{"start":{"line":86,"column":0},"end":{"line":86,"column":53}},"86":{"start":{"line":87,"column":0},"end":{"line":87,"column":59}},"87":{"start":{"line":88,"column":0},"end":{"line":88,"column":131}},"88":{"start":{"line":89,"column":0},"end":{"line":89,"column":36}},"90":{"start":{"line":91,"column":0},"end":{"line":91,"column":63}},"91":{"start":{"line":92,"column":0},"end":{"line":92,"column":15}},"92":{"start":{"line":93,"column":0},"end":{"line":93,"column":10}},"94":{"start":{"line":95,"column":0},"end":{"line":95,"column":2}}},"s":{"0":0,"10":0,"11":0,"12":0,"13":0,"14":0,"15":0,"16":0,"18":0,"20":0,"21":0,"22":0,"23":0,"24":0,"26":0,"27":0,"28":0,"29":0,"30":0,"31":0,"32":0,"34":0,"35":0,"37":0,"38":0,"39":0,"40":0,"41":0,"42":0,"43":0,"44":0,"46":0,"47":0,"48":0,"51":0,"52":0,"53":0,"54":0,"55":0,"56":0,"57":0,"58":0,"59":0,"60":0,"61":0,"62":0,"64":0,"65":0,"66":0,"68":0,"69":0,"70":0,"71":0,"73":0,"74":0,"75":0,"76":0,"77":0,"79":0,"80":0,"81":0,"84":0,"85":0,"86":0,"87":0,"88":0,"90":0,"91":0,"92":0,"94":0},"branchMap":{"0":{"type":"branch","line":1,"loc":{"start":{"line":1,"column":0},"end":{"line":95,"column":-1461}},"locations":[{"start":{"line":1,"column":0},"end":{"line":95,"column":-1461}}]}},"b":{"0":[0]},"fnMap":{"0":{"name":"(empty-report)","decl":{"start":{"line":1,"column":0},"end":{"line":95,"column":-1461}},"loc":{"start":{"line":1,"column":0},"end":{"line":95,"column":-1461}},"line":1}},"f":{"0":0}}
,"/Users/ruben/Code/competitie-planner.nl/competitie-planner.nl/frontend/src/components/Select.tsx": {"path":"/Users/ruben/Code/competitie-planner.nl/competitie-planner.nl/frontend/src/components/Select.tsx","all":true,"statementMap":{"0":{"start":{"line":1,"column":0},"end":{"line":1,"column":31}},"11":{"start":{"line":12,"column":0},"end":{"line":12,"column":64}},"12":{"start":{"line":13,"column":0},"end":{"line":13,"column":86}},"13":{"start":{"line":14,"column":0},"end":{"line":14,"column":41}},"14":{"start":{"line":15,"column":0},"end":{"line":15,"column":40}},"15":{"start":{"line":16,"column":0},"end":{"line":16,"column":42}},"17":{"start":{"line":18,"column":0},"end":{"line":18,"column":12}},"18":{"start":{"line":19,"column":0},"end":{"line":19,"column":45}},"19":{"start":{"line":20,"column":0},"end":{"line":20,"column":19}},"20":{"start":{"line":21,"column":0},"end":{"line":21,"column":144}},"21":{"start":{"line":22,"column":0},"end":{"line":22,"column":19}},"22":{"start":{"line":23,"column":0},"end":{"line":23,"column":105}},"23":{"start":{"line":24,"column":0},"end":{"line":24,"column":18}},"25":{"start":{"line":26,"column":0},"end":{"line":26,"column":34}},"26":{"start":{"line":27,"column":0},"end":{"line":27,"column":17}},"27":{"start":{"line":28,"column":0},"end":{"line":28,"column":25}},"28":{"start":{"line":29,"column":0},"end":{"line":29,"column":26}},"29":{"start":{"line":30,"column":0},"end":{"line":30,"column":327}},"30":{"start":{"line":31,"column":0},"end":{"line":31,"column":108}},"31":{"start":{"line":32,"column":0},"end":{"line":32,"column":23}},"32":{"start":{"line":33,"column":0},"end":{"line":33,"column":14}},"33":{"start":{"line":34,"column":0},"end":{"line":34,"column":21}},"34":{"start":{"line":35,"column":0},"end":{"line":35,"column":51}},"35":{"start":{"line":36,"column":0},"end":{"line":36,"column":82}},"36":{"start":{"line":37,"column":0},"end":{"line":37,"column":22}},"38":{"start":{"line":39,"column":0},"end":{"line":39,"column":20}},"39":{"start":{"line":40,"column":0},"end":{"line":40,"column":38}},"40":{"start":{"line":41,"column":0},"end":{"line":41,"column":60}},"41":{"start":{"line":42,"column":0},"end":{"line":42,"column":31}},"42":{"start":{"line":43,"column":0},"end":{"line":43,"column":27}},"43":{"start":{"line":44,"column":0},"end":{"line":44,"column":18}},"44":{"start":{"line":45,"column":0},"end":{"line":45,"column":25}},"45":{"start":{"line":46,"column":0},"end":{"line":46,"column":19}},"46":{"start":{"line":47,"column":0},"end":{"line":47,"column":174}},"47":{"start":{"line":48,"column":0},"end":{"line":48,"column":47}},"48":{"start":{"line":49,"column":0},"end":{"line":49,"column":16}},"49":{"start":{"line":50,"column":0},"end":{"line":50,"column":14}},"50":{"start":{"line":51,"column":0},"end":{"line":51,"column":109}},"51":{"start":{"line":52,"column":0},"end":{"line":52,"column":106}},"52":{"start":{"line":53,"column":0},"end":{"line":53,"column":12}},"54":{"start":{"line":55,"column":0},"end":{"line":55,"column":3}},"55":{"start":{"line":56,"column":0},"end":{"line":56,"column":2}},"56":{"start":{"line":57,"column":0},"end":{"line":57,"column":30}}},"s":{"0":0,"11":0,"12":0,"13":0,"14":0,"15":0,"17":0,"18":0,"19":0,"20":0,"21":0,"22":0,"23":0,"25":0,"26":0,"27":0,"28":0,"29":0,"30":0,"31":0,"32":0,"33":0,"34":0,"35":0,"36":0,"38":0,"39":0,"40":0,"41":0,"42":0,"43":0,"44":0,"45":0,"46":0,"47":0,"48":0,"49":0,"50":0,"51":0,"52":0,"54":0,"55":0,"56":0},"branchMap":{"0":{"type":"branch","line":1,"loc":{"start":{"line":1,"column":0},"end":{"line":59,"column":-718}},"locations":[{"start":{"line":1,"column":0},"end":{"line":59,"column":-718}}]}},"b":{"0":[0]},"fnMap":{"0":{"name":"(empty-report)","decl":{"start":{"line":1,"column":0},"end":{"line":59,"column":-718}},"loc":{"start":{"line":1,"column":0},"end":{"line":59,"column":-718}},"line":1}},"f":{"0":0}}
,"/Users/ruben/Code/competitie-planner.nl/competitie-planner.nl/frontend/src/components/Table.tsx": {"path":"/Users/ruben/Code/competitie-planner.nl/competitie-planner.nl/frontend/src/components/Table.tsx","all":true,"statementMap":{"0":{"start":{"line":1,"column":0},"end":{"line":1,"column":31}},"3":{"start":{"line":4,"column":0},"end":{"line":4,"column":31}},"6":{"start":{"line":7,"column":0},"end":{"line":7,"column":37}},"7":{"start":{"line":8,"column":0},"end":{"line":8,"column":83}},"8":{"start":{"line":9,"column":0},"end":{"line":9,"column":10}},"9":{"start":{"line":10,"column":0},"end":{"line":10,"column":15}},"10":{"start":{"line":11,"column":0},"end":{"line":11,"column":64}},"11":{"start":{"line":12,"column":0},"end":{"line":12,"column":16}},"12":{"start":{"line":13,"column":0},"end":{"line":13,"column":6}},"13":{"start":{"line":14,"column":0},"end":{"line":14,"column":8}},"14":{"start":{"line":15,"column":0},"end":{"line":15,"column":3}},"15":{"start":{"line":16,"column":0},"end":{"line":16,"column":28}},"17":{"start":{"line":18,"column":0},"end":{"line":18,"column":37}},"20":{"start":{"line":21,"column":0},"end":{"line":21,"column":37}},"21":{"start":{"line":22,"column":0},"end":{"line":22,"column":100}},"22":{"start":{"line":23,"column":0},"end":{"line":23,"column":3}},"23":{"start":{"line":24,"column":0},"end":{"line":24,"column":40}},"25":{"start":{"line":26,"column":0},"end":{"line":26,"column":35}},"28":{"start":{"line":29,"column":0},"end":{"line":29,"column":37}},"29":{"start":{"line":30,"column":0},"end":{"line":30,"column":8}},"30":{"start":{"line":31,"column":0},"end":{"line":31,"column":13}},"31":{"start":{"line":32,"column":0},"end":{"line":32,"column":66}},"32":{"start":{"line":33,"column":0},"end":{"line":33,"column":14}},"33":{"start":{"line":34,"column":0},"end":{"line":34,"column":4}},"34":{"start":{"line":35,"column":0},"end":{"line":35,"column":3}},"35":{"start":{"line":36,"column":0},"end":{"line":36,"column":36}},"37":{"start":{"line":38,"column":0},"end":{"line":38,"column":37}},"40":{"start":{"line":41,"column":0},"end":{"line":41,"column":37}},"41":{"start":{"line":42,"column":0},"end":{"line":42,"column":8}},"42":{"start":{"line":43,"column":0},"end":{"line":43,"column":13}},"43":{"start":{"line":44,"column":0},"end":{"line":44,"column":18}},"44":{"start":{"line":45,"column":0},"end":{"line":45,"column":43}},"45":{"start":{"line":46,"column":0},"end":{"line":46,"column":15}},"46":{"start":{"line":47,"column":0},"end":{"line":47,"column":6}},"47":{"start":{"line":48,"column":0},"end":{"line":48,"column":14}},"48":{"start":{"line":49,"column":0},"end":{"line":49,"column":4}},"49":{"start":{"line":50,"column":0},"end":{"line":50,"column":3}},"50":{"start":{"line":51,"column":0},"end":{"line":51,"column":40}},"52":{"start":{"line":53,"column":0},"end":{"line":53,"column":34}},"55":{"start":{"line":56,"column":0},"end":{"line":56,"column":37}},"56":{"start":{"line":57,"column":0},"end":{"line":57,"column":5}},"57":{"start":{"line":58,"column":0},"end":{"line":58,"column":13}},"58":{"start":{"line":59,"column":0},"end":{"line":59,"column":18}},"59":{"start":{"line":60,"column":0},"end":{"line":60,"column":77}},"60":{"start":{"line":61,"column":0},"end":{"line":61,"column":15}},"61":{"start":{"line":62,"column":0},"end":{"line":62,"column":6}},"62":{"start":{"line":63,"column":0},"end":{"line":63,"column":14}},"63":{"start":{"line":64,"column":0},"end":{"line":64,"column":4}},"64":{"start":{"line":65,"column":0},"end":{"line":65,"column":3}},"65":{"start":{"line":66,"column":0},"end":{"line":66,"column":34}},"67":{"start":{"line":68,"column":0},"end":{"line":68,"column":35}},"70":{"start":{"line":71,"column":0},"end":{"line":71,"column":37}},"71":{"start":{"line":72,"column":0},"end":{"line":72,"column":5}},"72":{"start":{"line":73,"column":0},"end":{"line":73,"column":13}},"73":{"start":{"line":74,"column":0},"end":{"line":74,"column":15}},"74":{"start":{"line":75,"column":0},"end":{"line":75,"column":18}},"75":{"start":{"line":76,"column":0},"end":{"line":76,"column":132}},"76":{"start":{"line":77,"column":0},"end":{"line":77,"column":15}},"77":{"start":{"line":78,"column":0},"end":{"line":78,"column":6}},"78":{"start":{"line":79,"column":0},"end":{"line":79,"column":14}},"79":{"start":{"line":80,"column":0},"end":{"line":80,"column":4}},"80":{"start":{"line":81,"column":0},"end":{"line":81,"column":3}},"81":{"start":{"line":82,"column":0},"end":{"line":82,"column":36}},"83":{"start":{"line":84,"column":0},"end":{"line":84,"column":35}},"86":{"start":{"line":87,"column":0},"end":{"line":87,"column":37}},"87":{"start":{"line":88,"column":0},"end":{"line":88,"column":5}},"88":{"start":{"line":89,"column":0},"end":{"line":89,"column":13}},"89":{"start":{"line":90,"column":0},"end":{"line":90,"column":15}},"90":{"start":{"line":91,"column":0},"end":{"line":91,"column":79}},"91":{"start":{"line":92,"column":0},"end":{"line":92,"column":14}},"92":{"start":{"line":93,"column":0},"end":{"line":93,"column":4}},"93":{"start":{"line":94,"column":0},"end":{"line":94,"column":3}},"94":{"start":{"line":95,"column":0},"end":{"line":95,"column":36}},"96":{"start":{"line":97,"column":0},"end":{"line":97,"column":38}},"99":{"start":{"line":100,"column":0},"end":{"line":100,"column":37}},"100":{"start":{"line":101,"column":0},"end":{"line":101,"column":10}},"101":{"start":{"line":102,"column":0},"end":{"line":102,"column":13}},"102":{"start":{"line":103,"column":0},"end":{"line":103,"column":59}},"103":{"start":{"line":104,"column":0},"end":{"line":104,"column":14}},"104":{"start":{"line":105,"column":0},"end":{"line":105,"column":4}},"105":{"start":{"line":106,"column":0},"end":{"line":106,"column":3}},"106":{"start":{"line":107,"column":0},"end":{"line":107,"column":42}}},"s":{"0":0,"3":0,"6":0,"7":0,"8":0,"9":0,"10":0,"11":0,"12":0,"13":0,"14":0,"15":0,"17":0,"20":0,"21":0,"22":0,"23":0,"25":0,"28":0,"29":0,"30":0,"31":0,"32":0,"33":0,"34":0,"35":0,"37":0,"40":0,"41":0,"42":0,"43":0,"44":0,"45":0,"46":0,"47":0,"48":0,"49":0,"50":0,"52":0,"55":0,"56":0,"57":0,"58":0,"59":0,"60":0,"61":0,"62":0,"63":0,"64":0,"65":0,"67":0,"70":0,"71":0,"72":0,"73":0,"74":0,"75":0,"76":0,"77":0,"78":0,"79":0,"80":0,"81":0,"83":0,"86":0,"87":0,"88":0,"89":0,"90":0,"91":0,"92":0,"93":0,"94":0,"96":0,"99":0,"100":0,"101":0,"102":0,"103":0,"104":0,"105":0,"106":0},"branchMap":{"0":{"type":"branch","line":1,"loc":{"start":{"line":1,"column":0},"end":{"line":118,"column":-1358}},"locations":[{"start":{"line":1,"column":0},"end":{"line":118,"column":-1358}}]}},"b":{"0":[0]},"fnMap":{"0":{"name":"(empty-report)","decl":{"start":{"line":1,"column":0},"end":{"line":118,"column":-1358}},"loc":{"start":{"line":1,"column":0},"end":{"line":118,"column":-1358}},"line":1}},"f":{"0":0}}
,"/Users/ruben/Code/competitie-planner.nl/competitie-planner.nl/frontend/src/components/Toast.tsx": {"path":"/Users/ruben/Code/competitie-planner.nl/competitie-planner.nl/frontend/src/components/Toast.tsx","all":true,"statementMap":{"0":{"start":{"line":1,"column":0},"end":{"line":1,"column":49}},"2":{"start":{"line":3,"column":0},"end":{"line":3,"column":37}},"3":{"start":{"line":4,"column":0},"end":{"line":4,"column":10}},"4":{"start":{"line":5,"column":0},"end":{"line":5,"column":12}},"5":{"start":{"line":6,"column":0},"end":{"line":6,"column":29}},"6":{"start":{"line":7,"column":0},"end":{"line":7,"column":21}},"7":{"start":{"line":8,"column":0},"end":{"line":8,"column":23}},"8":{"start":{"line":9,"column":0},"end":{"line":9,"column":16}},"9":{"start":{"line":10,"column":0},"end":{"line":10,"column":29}},"10":{"start":{"line":11,"column":0},"end":{"line":11,"column":24}},"11":{"start":{"line":12,"column":0},"end":{"line":12,"column":10}},"12":{"start":{"line":13,"column":0},"end":{"line":13,"column":18}},"13":{"start":{"line":14,"column":0},"end":{"line":14,"column":25}},"14":{"start":{"line":15,"column":0},"end":{"line":15,"column":22}},"15":{"start":{"line":16,"column":0},"end":{"line":16,"column":29}},"16":{"start":{"line":17,"column":0},"end":{"line":17,"column":31}},"17":{"start":{"line":18,"column":0},"end":{"line":18,"column":12}},"18":{"start":{"line":19,"column":0},"end":{"line":19,"column":10}},"19":{"start":{"line":20,"column":0},"end":{"line":20,"column":16}},"20":{"start":{"line":21,"column":0},"end":{"line":21,"column":269}},"21":{"start":{"line":22,"column":0},"end":{"line":22,"column":10}},"22":{"start":{"line":23,"column":0},"end":{"line":23,"column":8}},"23":{"start":{"line":24,"column":0},"end":{"line":24,"column":6}},"25":{"start":{"line":26,"column":0},"end":{"line":26,"column":2}},"27":{"start":{"line":28,"column":0},"end":{"line":28,"column":26}},"28":{"start":{"line":29,"column":0},"end":{"line":29,"column":55}},"29":{"start":{"line":30,"column":0},"end":{"line":30,"column":75}},"30":{"start":{"line":31,"column":0},"end":{"line":31,"column":44}},"31":{"start":{"line":32,"column":0},"end":{"line":32,"column":2}}},"s":{"0":0,"2":0,"3":0,"4":0,"5":0,"6":0,"7":0,"8":0,"9":0,"10":0,"11":0,"12":0,"13":0,"14":0,"15":0,"16":0,"17":0,"18":0,"19":0,"20":0,"21":0,"22":0,"23":0,"25":0,"27":0,"28":0,"29":0,"30":0,"31":0},"branchMap":{"0":{"type":"branch","line":1,"loc":{"start":{"line":1,"column":0},"end":{"line":32,"column":-241}},"locations":[{"start":{"line":1,"column":0},"end":{"line":32,"column":-241}}]}},"b":{"0":[0]},"fnMap":{"0":{"name":"(empty-report)","decl":{"start":{"line":1,"column":0},"end":{"line":32,"column":-241}},"loc":{"start":{"line":1,"column":0},"end":{"line":32,"column":-241}},"line":1}},"f":{"0":0}}
,"/Users/ruben/Code/competitie-planner.nl/competitie-planner.nl/frontend/src/components/index.ts": {"path":"/Users/ruben/Code/competitie-planner.nl/competitie-planner.nl/frontend/src/components/index.ts","all":true,"statementMap":{"0":{"start":{"line":1,"column":0},"end":{"line":1,"column":25}},"1":{"start":{"line":2,"column":0},"end":{"line":2,"column":24}},"2":{"start":{"line":3,"column":0},"end":{"line":3,"column":25}},"3":{"start":{"line":4,"column":0},"end":{"line":4,"column":24}},"4":{"start":{"line":5,"column":0},"end":{"line":5,"column":24}},"5":{"start":{"line":6,"column":0},"end":{"line":6,"column":23}},"6":{"start":{"line":7,"column":0},"end":{"line":7,"column":24}},"7":{"start":{"line":8,"column":0},"end":{"line":8,"column":34}},"8":{"start":{"line":9,"column":0},"end":{"line":9,"column":29}},"9":{"start":{"line":10,"column":0},"end":{"line":10,"column":24}}},"s":{"0":0,"1":0,"2":0,"3":0,"4":0,"5":0,"6":0,"7":0,"8":0,"9":0},"branchMap":{"0":{"type":"branch","line":1,"loc":{"start":{"line":1,"column":265},"end":{"line":10,"column":24}},"locations":[{"start":{"line":1,"column":265},"end":{"line":10,"column":24}}]}},"b":{"0":[0]},"fnMap":{"0":{"name":"(empty-report)","decl":{"start":{"line":1,"column":265},"end":{"line":10,"column":24}},"loc":{"start":{"line":1,"column":265},"end":{"line":10,"column":24}},"line":1}},"f":{"0":0}}
,"/Users/ruben/Code/competitie-planner.nl/competitie-planner.nl/frontend/src/components/onboarding/ClubStep.tsx": {"path":"/Users/ruben/Code/competitie-planner.nl/competitie-planner.nl/frontend/src/components/onboarding/ClubStep.tsx","all":true,"statementMap":{"0":{"start":{"line":1,"column":0},"end":{"line":1,"column":33}},"15":{"start":{"line":16,"column":0},"end":{"line":16,"column":74}},"16":{"start":{"line":17,"column":0},"end":{"line":17,"column":44}},"17":{"start":{"line":18,"column":0},"end":{"line":18,"column":34}},"18":{"start":{"line":19,"column":0},"end":{"line":19,"column":36}},"19":{"start":{"line":20,"column":0},"end":{"line":20,"column":42}},"20":{"start":{"line":21,"column":0},"end":{"line":21,"column":34}},"21":{"start":{"line":22,"column":0},"end":{"line":22,"column":42}},"22":{"start":{"line":23,"column":0},"end":{"line":23,"column":36}},"23":{"start":{"line":24,"column":0},"end":{"line":24,"column":5}},"24":{"start":{"line":25,"column":0},"end":{"line":25,"column":67}},"25":{"start":{"line":26,"column":0},"end":{"line":26,"column":52}},"27":{"start":{"line":28,"column":0},"end":{"line":28,"column":26}},"28":{"start":{"line":29,"column":0},"end":{"line":29,"column":49}},"30":{"start":{"line":31,"column":0},"end":{"line":31,"column":60}},"31":{"start":{"line":32,"column":0},"end":{"line":32,"column":69}},"32":{"start":{"line":33,"column":0},"end":{"line":33,"column":5}},"34":{"start":{"line":35,"column":0},"end":{"line":35,"column":75}},"35":{"start":{"line":36,"column":0},"end":{"line":36,"column":85}},"36":{"start":{"line":37,"column":0},"end":{"line":37,"column":5}},"38":{"start":{"line":39,"column":0},"end":{"line":39,"column":79}},"39":{"start":{"line":40,"column":0},"end":{"line":40,"column":57}},"40":{"start":{"line":41,"column":0},"end":{"line":41,"column":5}},"42":{"start":{"line":43,"column":0},"end":{"line":43,"column":25}},"43":{"start":{"line":44,"column":0},"end":{"line":44,"column":47}},"44":{"start":{"line":45,"column":0},"end":{"line":45,"column":4}},"46":{"start":{"line":47,"column":0},"end":{"line":47,"column":54}},"47":{"start":{"line":48,"column":0},"end":{"line":48,"column":23}},"49":{"start":{"line":50,"column":0},"end":{"line":50,"column":28}},"51":{"start":{"line":52,"column":0},"end":{"line":52,"column":23}},"52":{"start":{"line":53,"column":0},"end":{"line":53,"column":9}},"53":{"start":{"line":54,"column":0},"end":{"line":54,"column":36}},"54":{"start":{"line":55,"column":0},"end":{"line":55,"column":35}},"55":{"start":{"line":56,"column":0},"end":{"line":56,"column":50}},"56":{"start":{"line":57,"column":0},"end":{"line":57,"column":56}},"57":{"start":{"line":58,"column":0},"end":{"line":58,"column":48}},"58":{"start":{"line":59,"column":0},"end":{"line":59,"column":56}},"59":{"start":{"line":60,"column":0},"end":{"line":60,"column":50}},"60":{"start":{"line":61,"column":0},"end":{"line":61,"column":9}},"61":{"start":{"line":62,"column":0},"end":{"line":62,"column":15}},"62":{"start":{"line":63,"column":0},"end":{"line":63,"column":30}},"63":{"start":{"line":64,"column":0},"end":{"line":64,"column":73}},"64":{"start":{"line":65,"column":0},"end":{"line":65,"column":39}},"65":{"start":{"line":66,"column":0},"end":{"line":66,"column":58}},"66":{"start":{"line":67,"column":0},"end":{"line":67,"column":14}},"67":{"start":{"line":68,"column":0},"end":{"line":68,"column":78}},"68":{"start":{"line":69,"column":0},"end":{"line":69,"column":7}},"69":{"start":{"line":70,"column":0},"end":{"line":70,"column":15}},"70":{"start":{"line":71,"column":0},"end":{"line":71,"column":26}},"71":{"start":{"line":72,"column":0},"end":{"line":72,"column":5}},"72":{"start":{"line":73,"column":0},"end":{"line":73,"column":4}},"74":{"start":{"line":75,"column":0},"end":{"line":75,"column":58}},"75":{"start":{"line":76,"column":0},"end":{"line":76,"column":55}},"76":{"start":{"line":77,"column":0},"end":{"line":77,"column":24}},"77":{"start":{"line":78,"column":0},"end":{"line":78,"column":52}},"78":{"start":{"line":79,"column":0},"end":{"line":79,"column":5}},"79":{"start":{"line":80,"column":0},"end":{"line":80,"column":4}},"81":{"start":{"line":82,"column":0},"end":{"line":82,"column":10}},"82":{"start":{"line":83,"column":0},"end":{"line":83,"column":73}},"83":{"start":{"line":84,"column":0},"end":{"line":84,"column":88}},"84":{"start":{"line":85,"column":0},"end":{"line":85,"column":40}},"86":{"start":{"line":87,"column":0},"end":{"line":87,"column":10}},"88":{"start":{"line":89,"column":0},"end":{"line":89,"column":27}},"89":{"start":{"line":90,"column":0},"end":{"line":90,"column":104}},"90":{"start":{"line":91,"column":0},"end":{"line":91,"column":27}},"91":{"start":{"line":92,"column":0},"end":{"line":92,"column":14}},"94":{"start":{"line":95,"column":0},"end":{"line":95,"column":58}},"95":{"start":{"line":96,"column":0},"end":{"line":96,"column":13}},"96":{"start":{"line":97,"column":0},"end":{"line":97,"column":91}},"97":{"start":{"line":98,"column":0},"end":{"line":98,"column":60}},"98":{"start":{"line":99,"column":0},"end":{"line":99,"column":18}},"99":{"start":{"line":100,"column":0},"end":{"line":100,"column":16}},"100":{"start":{"line":101,"column":0},"end":{"line":101,"column":23}},"101":{"start":{"line":102,"column":0},"end":{"line":102,"column":21}},"102":{"start":{"line":103,"column":0},"end":{"line":103,"column":33}},"103":{"start":{"line":104,"column":0},"end":{"line":104,"column":66}},"104":{"start":{"line":105,"column":0},"end":{"line":105,"column":83}},"105":{"start":{"line":106,"column":0},"end":{"line":106,"column":26}},"106":{"start":{"line":107,"column":0},"end":{"line":107,"column":45}},"107":{"start":{"line":108,"column":0},"end":{"line":108,"column":90}},"108":{"start":{"line":109,"column":0},"end":{"line":109,"column":15}},"109":{"start":{"line":110,"column":0},"end":{"line":110,"column":64}},"110":{"start":{"line":111,"column":0},"end":{"line":111,"column":12}},"111":{"start":{"line":112,"column":0},"end":{"line":112,"column":27}},"112":{"start":{"line":113,"column":0},"end":{"line":113,"column":82}},"114":{"start":{"line":115,"column":0},"end":{"line":115,"column":108}},"115":{"start":{"line":116,"column":0},"end":{"line":116,"column":14}},"117":{"start":{"line":118,"column":0},"end":{"line":118,"column":13}},"118":{"start":{"line":119,"column":0},"end":{"line":119,"column":92}},"120":{"start":{"line":121,"column":0},"end":{"line":121,"column":18}},"121":{"start":{"line":122,"column":0},"end":{"line":122,"column":16}},"122":{"start":{"line":123,"column":0},"end":{"line":123,"column":23}},"123":{"start":{"line":124,"column":0},"end":{"line":124,"column":22}},"124":{"start":{"line":125,"column":0},"end":{"line":125,"column":34}},"125":{"start":{"line":126,"column":0},"end":{"line":126,"column":67}},"126":{"start":{"line":127,"column":0},"end":{"line":127,"column":151}},"127":{"start":{"line":128,"column":0},"end":{"line":128,"column":46}},"128":{"start":{"line":129,"column":0},"end":{"line":129,"column":12}},"129":{"start":{"line":130,"column":0},"end":{"line":130,"column":14}},"131":{"start":{"line":132,"column":0},"end":{"line":132,"column":63}},"132":{"start":{"line":133,"column":0},"end":{"line":133,"column":15}},"133":{"start":{"line":134,"column":0},"end":{"line":134,"column":97}},"135":{"start":{"line":136,"column":0},"end":{"line":136,"column":20}},"136":{"start":{"line":137,"column":0},"end":{"line":137,"column":18}},"137":{"start":{"line":138,"column":0},"end":{"line":138,"column":25}},"138":{"start":{"line":139,"column":0},"end":{"line":139,"column":27}},"139":{"start":{"line":140,"column":0},"end":{"line":140,"column":39}},"140":{"start":{"line":141,"column":0},"end":{"line":141,"column":86}},"141":{"start":{"line":142,"column":0},"end":{"line":142,"column":85}},"142":{"start":{"line":143,"column":0},"end":{"line":143,"column":32}},"143":{"start":{"line":144,"column":0},"end":{"line":144,"column":47}},"144":{"start":{"line":145,"column":0},"end":{"line":145,"column":92}},"145":{"start":{"line":146,"column":0},"end":{"line":146,"column":17}},"146":{"start":{"line":147,"column":0},"end":{"line":147,"column":34}},"147":{"start":{"line":148,"column":0},"end":{"line":148,"column":27}},"148":{"start":{"line":149,"column":0},"end":{"line":149,"column":14}},"149":{"start":{"line":150,"column":0},"end":{"line":150,"column":33}},"150":{"start":{"line":151,"column":0},"end":{"line":151,"column":88}},"152":{"start":{"line":153,"column":0},"end":{"line":153,"column":16}},"154":{"start":{"line":155,"column":0},"end":{"line":155,"column":15}},"155":{"start":{"line":156,"column":0},"end":{"line":156,"column":93}},"157":{"start":{"line":158,"column":0},"end":{"line":158,"column":20}},"158":{"start":{"line":159,"column":0},"end":{"line":159,"column":18}},"159":{"start":{"line":160,"column":0},"end":{"line":160,"column":25}},"160":{"start":{"line":161,"column":0},"end":{"line":161,"column":23}},"161":{"start":{"line":162,"column":0},"end":{"line":162,"column":35}},"162":{"start":{"line":163,"column":0},"end":{"line":163,"column":68}},"163":{"start":{"line":164,"column":0},"end":{"line":164,"column":153}},"164":{"start":{"line":165,"column":0},"end":{"line":165,"column":37}},"165":{"start":{"line":166,"column":0},"end":{"line":166,"column":14}},"166":{"start":{"line":167,"column":0},"end":{"line":167,"column":16}},"167":{"start":{"line":168,"column":0},"end":{"line":168,"column":14}},"169":{"start":{"line":170,"column":0},"end":{"line":170,"column":63}},"170":{"start":{"line":171,"column":0},"end":{"line":171,"column":15}},"171":{"start":{"line":172,"column":0},"end":{"line":172,"column":97}},"173":{"start":{"line":174,"column":0},"end":{"line":174,"column":20}},"174":{"start":{"line":175,"column":0},"end":{"line":175,"column":18}},"175":{"start":{"line":176,"column":0},"end":{"line":176,"column":24}},"176":{"start":{"line":177,"column":0},"end":{"line":177,"column":27}},"177":{"start":{"line":178,"column":0},"end":{"line":178,"column":39}},"178":{"start":{"line":179,"column":0},"end":{"line":179,"column":72}},"179":{"start":{"line":180,"column":0},"end":{"line":180,"column":153}},"180":{"start":{"line":181,"column":0},"end":{"line":181,"column":39}},"181":{"start":{"line":182,"column":0},"end":{"line":182,"column":14}},"182":{"start":{"line":183,"column":0},"end":{"line":183,"column":16}},"184":{"start":{"line":185,"column":0},"end":{"line":185,"column":15}},"185":{"start":{"line":186,"column":0},"end":{"line":186,"column":94}},"187":{"start":{"line":188,"column":0},"end":{"line":188,"column":20}},"188":{"start":{"line":189,"column":0},"end":{"line":189,"column":38}},"189":{"start":{"line":190,"column":0},"end":{"line":190,"column":20}},"190":{"start":{"line":191,"column":0},"end":{"line":191,"column":28}},"191":{"start":{"line":192,"column":0},"end":{"line":192,"column":26}},"192":{"start":{"line":193,"column":0},"end":{"line":193,"column":38}},"193":{"start":{"line":194,"column":0},"end":{"line":194,"column":71}},"194":{"start":{"line":195,"column":0},"end":{"line":195,"column":87}},"195":{"start":{"line":196,"column":0},"end":{"line":196,"column":31}},"196":{"start":{"line":197,"column":0},"end":{"line":197,"column":49}},"197":{"start":{"line":198,"column":0},"end":{"line":198,"column":94}},"198":{"start":{"line":199,"column":0},"end":{"line":199,"column":19}},"199":{"start":{"line":200,"column":0},"end":{"line":200,"column":48}},"200":{"start":{"line":201,"column":0},"end":{"line":201,"column":16}},"201":{"start":{"line":202,"column":0},"end":{"line":202,"column":32}},"202":{"start":{"line":203,"column":0},"end":{"line":203,"column":87}},"204":{"start":{"line":205,
[...]
44}},"line":93},"15":{"name":"uploadLogo","decl":{"start":{"line":99,"column":14},"end":{"line":105,"column":4}},"loc":{"start":{"line":99,"column":14},"end":{"line":105,"column":4}},"line":99},"16":{"name":"listBanen","decl":{"start":{"line":106,"column":13},"end":{"line":106,"column":44}},"loc":{"start":{"line":106,"column":13},"end":{"line":106,"column":44}},"line":106},"17":{"name":"createBaan","decl":{"start":{"line":107,"column":14},"end":{"line":113,"column":40}},"loc":{"start":{"line":107,"column":14},"end":{"line":113,"column":40}},"line":107},"18":{"name":"updateBaan","decl":{"start":{"line":114,"column":14},"end":{"line":122,"column":51}},"loc":{"start":{"line":114,"column":14},"end":{"line":122,"column":51}},"line":114},"19":{"name":"deleteBaan","decl":{"start":{"line":123,"column":14},"end":{"line":123,"column":72}},"loc":{"start":{"line":123,"column":14},"end":{"line":123,"column":72}},"line":123},"20":{"name":"listUsers","decl":{"start":{"line":124,"column":13},"end":{"line":124,"column":44}},"loc":{"start":{"line":124,"column":13},"end":{"line":124,"column":44}},"line":124},"21":{"name":"getUser","decl":{"start":{"line":125,"column":11},"end":{"line":125,"column":66}},"loc":{"start":{"line":125,"column":11},"end":{"line":125,"column":66}},"line":125},"22":{"name":"updateUser","decl":{"start":{"line":126,"column":14},"end":{"line":130,"column":51}},"loc":{"start":{"line":126,"column":14},"end":{"line":130,"column":51}},"line":126},"23":{"name":"deactivateUser","decl":{"start":{"line":131,"column":18},"end":{"line":131,"column":76}},"loc":{"start":{"line":131,"column":18},"end":{"line":131,"column":76}},"line":131},"24":{"name":"inviteUser","decl":{"start":{"line":132,"column":14},"end":{"line":133,"column":37}},"loc":{"start":{"line":132,"column":14},"end":{"line":133,"column":37}},"line":132},"25":{"name":"acceptInvite","decl":{"start":{"line":134,"column":16},"end":{"line":135,"column":59}},"loc":{"start":{"line":134,"column":16},"end":{"line":135,"column":59}},"line":134},"26":{"name":"forgotPassword","decl":{"start":{"line":136,"column":18},"end":{"line":137,"column":57}},"loc":{"start":{"line":136,"column":18},"end":{"line":137,"column":57}},"line":136},"27":{"name":"resetPassword","decl":{"start":{"line":138,"column":17},"end":{"line":139,"column":77}},"loc":{"start":{"line":138,"column":17},"end":{"line":139,"column":77}},"line":138},"28":{"name":"listCompetities","decl":{"start":{"line":140,"column":19},"end":{"line":141,"column":47}},"loc":{"start":{"line":140,"column":19},"end":{"line":141,"column":47}},"line":140},"29":{"name":"getCompetition","decl":{"start":{"line":142,"column":18},"end":{"line":142,"column":71}},"loc":{"start":{"line":142,"column":18},"end":{"line":142,"column":71}},"line":142},"30":{"name":"createCompetition","decl":{"start":{"line":143,"column":21},"end":{"line":148,"column":46}},"loc":{"start":{"line":143,"column":21},"end":{"line":148,"column":46}},"line":143},"31":{"name":"updateCompetition","decl":{"start":{"line":149,"column":21},"end":{"line":157,"column":53}},"loc":{"start":{"line":149,"column":21},"end":{"line":157,"column":53}},"line":149},"32":{"name":"deleteCompetition","decl":{"start":{"line":158,"column":21},"end":{"line":158,"column":77}},"loc":{"start":{"line":158,"column":21},"end":{"line":158,"column":77}},"line":158},"33":{"name":"listSpeelrondes","decl":{"start":{"line":159,"column":19},"end":{"line":160,"column":70}},"loc":{"start":{"line":159,"column":19},"end":{"line":160,"column":70}},"line":159},"34":{"name":"getSeizoensoverzicht","decl":{"start":{"line":161,"column":24},"end":{"line":162,"column":69}},"loc":{"start":{"line":161,"column":24},"end":{"line":162,"column":69}},"line":161},"35":{"name":"exportSeizoenPdf","decl":{"start":{"line":163,"column":20},"end":{"line":164,"column":99}},"loc":{"start":{"line":163,"column":20},"end":{"line":164,"column":99}},"line":163},"36":{"name":"exportSeizoenCsv","decl":{"start":{"line":165,"column":20},"end":{"line":166,"column":99}},"loc":{"start":{"line":165,"column":20},"end":{"line":166,"column":99}},"line":165},"37":{"name":"updateSpeelronde","decl":{"start":{"line":167,"column":20},"end":{"line":171,"column":53}},"loc":{"start":{"line":167,"column":20},"end":{"line":171,"column":53}},"line":167},"38":{"name":"publishSpeelronde","decl":{"start":{"line":172,"column":21},"end":{"line":172,"column":88}},"loc":{"start":{"line":172,"column":21},"end":{"line":172,"column":88}},"line":172},"39":{"name":"listTeams","decl":{"start":{"line":173,"column":13},"end":{"line":174,"column":69}},"loc":{"start":{"line":173,"column":13},"end":{"line":174,"column":69}},"line":173},"40":{"name":"createTeam","decl":{"start":{"line":175,"column":14},"end":{"line":180,"column":68}},"loc":{"start":{"line":175,"column":14},"end":{"line":180,"column":68}},"line":175},"41":{"name":"updateTeam","decl":{"start":{"line":181,"column":14},"end":{"line":187,"column":51}},"loc":{"start":{"line":181,"column":14},"end":{"line":187,"column":51}},"line":181},"42":{"name":"deleteTeam","decl":{"start":{"line":188,"column":14},"end":{"line":188,"column":72}},"loc":{"start":{"line":188,"column":14},"end":{"line":188,"column":72}},"line":188},"43":{"name":"importTeams","decl":{"start":{"line":189,"column":15},"end":{"line":195,"column":4}},"loc":{"start":{"line":189,"column":15},"end":{"line":195,"column":4}},"line":189},"44":{"name":"generateIndeling","decl":{"start":{"line":196,"column":20},"end":{"line":196,"column":88}},"loc":{"start":{"line":196,"column":20},"end":{"line":196,"column":88}},"line":196},"45":{"name":"getRondeDetail","decl":{"start":{"line":197,"column":18},"end":{"line":197,"column":76}},"loc":{"start":{"line":197,"column":18},"end":{"line":197,"column":76}},"line":197},"46":{"name":"exportRondePdf","decl":{"start":{"line":198,"column":18},"end":{"line":198,"column":106}},"loc":{"start":{"line":198,"column":18},"end":{"line":198,"column":106}},"line":198},"47":{"name":"getTeamsForPlanning","decl":{"start":{"line":199,"column":23},"end":{"line":199,"column":102}},"loc":{"start":{"line":199,"column":23},"end":{"line":199,"column":102}},"line":199},"48":{"name":"getBanenForPlanning","decl":{"start":{"line":200,"column":23},"end":{"line":200,"column":54}},"loc":{"start":{"line":200,"column":23},"end":{"line":200,"column":54}},"line":200},"49":{"name":"updateToewijzing","decl":{"start":{"line":201,"column":20},"end":{"line":207,"column":64}},"loc":{"start":{"line":201,"column":20},"end":{"line":207,"column":64}},"line":201},"50":{"name":"publishRonde","decl":{"start":{"line":208,"column":16},"end":{"line":208,"column":83}},"loc":{"start":{"line":208,"column":16},"end":{"line":208,"column":83}},"line":208},"51":{"name":"depublishRonde","decl":{"start":{"line":209,"column":18},"end":{"line":209,"column":87}},"loc":{"start":{"line":209,"column":18},"end":{"line":209,"column":87}},"line":209},"52":{"name":"getCompetitieHistorie","decl":{"start":{"line":210,"column":25},"end":{"line":210,"column":107}},"loc":{"start":{"line":210,"column":25},"end":{"line":210,"column":107}},"line":210},"53":{"name":"getWedstrijden","decl":{"start":{"line":211,"column":18},"end":{"line":211,"column":81}},"loc":{"start":{"line":211,"column":18},"end":{"line":211,"column":81}},"line":211},"54":{"name":"getWedstrijdenByCompetitie","decl":{"start":{"line":212,"column":30},"end":{"line":213,"column":91}},"loc":{"start":{"line":212,"column":30},"end":{"line":213,"column":91}},"line":212},"55":{"name":"createWedstrijd","decl":{"start":{"line":214,"column":19},"end":{"line":223,"column":46}},"loc":{"start":{"line":214,"column":19},"end":{"line":223,"column":46}},"line":214},"56":{"name":"updateWedstrijd","decl":{"start":{"line":224,"column":19},"end":{"line":233,"column":62}},"loc":{"start":{"line":224,"column":19},"end":{"line":233,"column":62}},"line":224},"57":{"name":"deleteWedstrijd","decl":{"start":{"line":234,"column":19},"end":{"line":234,"column":93}},"loc":{"start":{"line":234,"column":19},"end":{"line":234,"column":93}},"line":234},"58":{"name":"importWedstrijden","decl":{"start":{"line":235,"column":21},"end":{"line":241,"column":4}},"loc":{"start":{"line":235,"column":21},"end":{"line":241,"column":4}},"line":235},"59":{"name":"getThuisPerRonde","decl":{"start":{"line":242,"column":20},"end":{"line":243,"column":78}},"loc":{"start":{"line":242,"column":20},"end":{"line":243,"column":78}},"line":242},"60":{"name":"exportAgenda","decl":{"start":{"line":244,"column":16},"end":{"line":247,"column":7}},"loc":{"start":{"line":244,"column":16},"end":{"line":247,"column":7}},"line":244},"61":{"name":"validateWedstrijden","decl":{"start":{"line":248,"column":23},"end":{"line":249,"column":72}},"loc":{"start":{"line":248,"column":23},"end":{"line":249,"column":72}},"line":248},"62":{"name":"getDagoverzicht","decl":{"start":{"line":250,"column":19},"end":{"line":250,"column":86}},"loc":{"start":{"line":250,"column":19},"end":{"line":250,"column":86}},"line":250},"63":{"name":"getDagoverzichtConflicten","decl":{"start":{"line":251,"column":29},"end":{"line":251,"column":107}},"loc":{"start":{"line":251,"column":29},"end":{"line":251,"column":107}},"line":251},"64":{"name":"planDagoverzichtBanen","decl":{"start":{"line":252,"column":25},"end":{"line":252,"column":104}},"loc":{"start":{"line":252,"column":25},"end":{"line":252,"column":104}},"line":252},"65":{"name":"validateMaxThuisteams","decl":{"start":{"line":253,"column":25},"end":{"line":253,"column":116}},"loc":{"start":{"line":253,"column":25},"end":{"line":253,"column":116}},"line":253},"66":{"name":"getTijdslotConfig","decl":{"start":{"line":254,"column":21},"end":{"line":254,"column":110}},"loc":{"start":{"line":254,"column":21},"end":{"line":254,"column":110}},"line":254},"67":{"name":"updateTijdslotConfig","decl":{"start":{"line":255,"column":24},"end":{"line":260,"column":77}},"loc":{"start":{"line":255,"column":24},"end":{"line":260,"column":77}},"line":255},"68":{"name":"bulkGenerateRondes","decl":{"start":{"line":261,"column":22},"end":{"line":262,"column":115}},"loc":{"start":{"line":261,"column":22},"end":{"line":262,"column":115}},"line":261},"69":{"name":"bulkPublishRondes","decl":{"start":{"line":263,"column":21},"end":{"line":264,"column":114}},"loc":{"start":{"line":263,"column":21},"end":{"line":264,"column":114}},"line":263},"70":{"name":"bulkActivateTeams","decl":{"start":{"line":265,"column":21},"end":{"line":266,"column":77}},"loc":{"start":{"line":265,"column":21},"end":{"line":266,"column":77}},"line":265},"71":{"name":"duplicateCompetitie","decl":{"start":{"line":267,"column":23},"end":{"line":272,"column":72}},"loc":{"start":{"line":267,"column":23},"end":{"line":272,"column":72}},"line":267},"72":{"name":"getDashboard","decl":{"start":{"line":276,"column":16},"end":{"line":276,"column":55}},"loc":{"start":{"line":276,"column":16},"end":{"line":276,"column":55}},"line":276},"73":{"name":"listClubs","decl":{"start":{"line":277,"column":13},"end":{"line":278,"column":45}},"loc":{"start":{"line":277,"column":13},"end":{"line":278,"column":45}},"line":277},"74":{"name":"getClub","decl":{"start":{"line":279,"column":11},"end":{"line":279,"column":70}},"loc":{"start":{"line":279,"column":11},"end":{"line":279,"column":70}},"line":279},"75":{"name":"createClub","decl":{"start":{"line":280,"column":14},"end":{"line":288,"column":44}},"loc":{"start":{"line":280,"column":14},"end":{"line":288,"column":44}},"line":280},"76":{"name":"updateClub","decl":{"start":{"line":289,"column":14},"end":{"line":290,"column":51}},"loc":{"start":{"line":289,"column":14},"end":{"line":290,"column":51}},"line":289},"77":{"name":"listUsers","decl":{"start":{"line":291,"column":13},"end":{"line":292,"column":45}},"loc":{"start":{"line":291,"column":13},"end":{"line":292,"column":45}},"line":291},"78":{"name":"getUser","decl":{"start":{"line":293,"column":11},"end":{"line":293,"column":70}},"loc":{"start":{"line":293,"column":11},"end":{"line":293,"column":70}},"line":293},"79":{"name":"updateUser","decl":{"start":{"line":294,"column":14},"end":{"line":295,"column":51}},"loc":{"start":{"line":294,"column":14},"end":{"line":295,"column":51}},"line":294},"80":{"name":"getMollieConfig","decl":{"start":{"line":296,"column":19},"end":{"line":296,"column":53}},"loc":{"start":{"line":296,"column":19},"end":{"line":296,"column":53}},"line":296},"81":{"name":"saveMollieConfig","decl":{"start":{"line":297,"column":20},"end":{"line":297,"column":90}},"loc":{"start":{"line":297,"column":20},"end":{"line":297,"column":90}},"line":297},"82":{"name":"listPrices","decl":{"start":{"line":298,"column":14},"end":{"line":298,"column":48}},"loc":{"start":{"line":298,"column":14},"end":{"line":298,"column":48}},"line":298},"83":{"name":"savePrice","decl":{"start":{"line":299,"column":13},"end":{"line":303,"column":43}},"loc":{"start":{"line":299,"column":13},"end":{"line":303,"column":43}},"line":299},"84":{"name":"listMandates","decl":{"start":{"line":304,"column":16},"end":{"line":305,"column":46}},"loc":{"start":{"line":304,"column":16},"end":{"line":305,"column":46}},"line":304},"85":{"name":"getCheckoutStatus","decl":{"start":{"line":309,"column":21},"end":{"line":309,"column":64}},"loc":{"start":{"line":309,"column":21},"end":{"line":309,"column":64}},"line":309},"86":{"name":"getMandate","decl":{"start":{"line":310,"column":14},"end":{"line":310,"column":74}},"loc":{"start":{"line":310,"column":14},"end":{"line":310,"column":74}},"line":310},"87":{"name":"createMandate","decl":{"start":{"line":311,"column":17},"end":{"line":312,"column":41}},"loc":{"start":{"line":311,"column":17},"end":{"line":312,"column":41}},"line":311},"88":{"name":"verifyMandate","decl":{"start":{"line":313,"column":17},"end":{"line":314,"column":55}},"loc":{"start":{"line":313,"column":17},"end":{"line":314,"column":55}},"line":313},"89":{"name":"createPayment","decl":{"start":{"line":315,"column":17},"end":{"line":316,"column":113}},"loc":{"start":{"line":315,"column":17},"end":{"line":316,"column":113}},"line":315},"90":{"name":"getStatus","decl":{"start":{"line":320,"column":13},"end":{"line":320,"column":56}},"loc":{"start":{"line":320,"column":13},"end":{"line":320,"column":56}},"line":320},"91":{"name":"saveClub","decl":{"start":{"line":321,"column":12},"end":{"line":328,"column":50}},"loc":{"start":{"line":321,"column":12},"end":{"line":328,"column":50}},"line":321},"92":{"name":"saveCourts","decl":{"start":{"line":329,"column":14},"end":{"line":336,"column":52}},"loc":{"start":{"line":329,"column":14},"end":{"line":336,"column":52}},"line":329},"93":{"name":"saveCompetition","decl":{"start":{"line":337,"column":19},"end":{"line":342,"column":57}},"loc":{"start":{"line":337,"column":19},"end":{"line":342,"column":57}},"line":337},"94":{"name":"saveTeams","decl":{"start":{"line":343,"column":13},"end":{"line":350,"column":81}},"loc":{"start":{"line":343,"column":13},"end":{"line":350,"column":81}},"line":343},"95":{"name":"complete","decl":{"start":{"line":351,"column":12},"end":{"line":351,"column":58}},"loc":{"start":{"line":351,"column":12},"end":{"line":351,"column":58}},"line":351},"96":{"name":"skip","decl":{"start":{"line":352,"column":8},"end":{"line":352,"column":50}},"loc":{"start":{"line":352,"column":8},"end":{"line":352,"column":50}},"line":352},"97":{"name":"reset","decl":{"start":{"line":353,"column":9},"end":{"line":353,"column":52}},"loc":{"start":{"line":353,"column":9},"end":{"line":353,"column":52}},"line":353}},"f":{"0":3,"1":0,"2":0,"3":0,"4":0,"5":0,"6":2,"7":0,"8":1,"9":1,"10":0,"11":0,"12":0,"13":0,"14":0,"15":0,"16":0,"17":0,"18":0,"19":0,"20":0,"21":0,"22":0,"23":0,"24":0,"25":0,"26":0,"27":0,"28":0,"29":0,"30":0,"31":0,"32":0,"33":0,"34":0,"35":0,"36":0,"37":0,"38":0,"39":0,"40":0,"41":0,"42":0,"43":0,"44":0,"45":0,"46":0,"47":0,"48":0,"49":0,"50":0,"51":0,"52":0,"53":0,"54":0,"55":0,"56":0,"57":0,"58":0,"59":0,"60":0,"61":0,"62":0,"63":0,"64":0,"65":0,"66":0,"67":0,"68":0,"69":0,"70":0,"71":0,"72":0,"73":0,"74":0,"75":0,"76":0,"77":0,"78":0,"79":0,"80":0,"81":0,"82":0,"83":0,"84":0,"85":0,"86":0,"87":0,"88":0,"89":0,"90":0,"91":0,"92":0,"93":0,"94":0,"95":0,"96":0,"97":0}}
,"/Users/ruben/Code/competitie-planner.nl/competitie-planner.nl/frontend/src/lib/utils.test.ts": {"path":"/Users/ruben/Code/competitie-planner.nl/competitie-planner.nl/frontend/src/lib/utils.test.ts","all":false,"statementMap":{"0":{"start":{"line":1,"column":0},"end":{"line":1,"column":45}},"1":{"start":{"line":2,"column":0},"end":{"line":2,"column":28}},"3":{"start":{"line":4,"column":0},"end":{"line":4,"column":30}},"4":{"start":{"line":5,"column":0},"end":{"line":5,"column":34}},"5":{"start":{"line":6,"column":0},"end":{"line":6,"column":44}},"6":{"start":{"line":7,"column":0},"end":{"line":7,"column":4}},"8":{"start":{"line":9,"column":0},"end":{"line":9,"column":43}},"9":{"start":{"line":10,"column":0},"end":{"line":10,"column":25}},"10":{"start":{"line":11,"column":0},"end":{"line":11,"column":64}},"11":{"start":{"line":12,"column":0},"end":{"line":12,"column":54}},"12":{"start":{"line":13,"column":0},"end":{"line":13,"column":4}},"14":{"start":{"line":15,"column":0},"end":{"line":15,"column":36}},"15":{"start":{"line":16,"column":0},"end":{"line":16,"column":38}},"16":{"start":{"line":17,"column":0},"end":{"line":17,"column":4}},"18":{"start":{"line":19,"column":0},"end":{"line":19,"column":37}},"19":{"start":{"line":20,"column":0},"end":{"line":20,"column":64}},"20":{"start":{"line":21,"column":0},"end":{"line":21,"column":4}},"22":{"start":{"line":23,"column":0},"end":{"line":23,"column":54}},"23":{"start":{"line":24,"column":0},"end":{"line":24,"column":40}},"24":{"start":{"line":25,"column":0},"end":{"line":25,"column":4}},"25":{"start":{"line":26,"column":0},"end":{"line":26,"column":2}}},"s":{"0":1,"1":1,"3":1,"4":1,"5":1,"6":1,"8":1,"9":1,"10":1,"11":1,"12":1,"14":1,"15":1,"16":1,"18":1,"19":1,"20":1,"22":1,"23":1,"24":1,"25":1},"branchMap":{"0":{"type":"branch","line":4,"loc":{"start":{"line":4,"column":23},"end":{"line":26,"column":2}},"locations":[{"start":{"line":4,"column":23},"end":{"line":26,"column":2}}]},"1":{"type":"branch","line":5,"loc":{"start":{"line":5,"column":27},"end":{"line":7,"column":3}},"locations":[{"start":{"line":5,"column":27},"end":{"line":7,"column":3}}]},"2":{"type":"branch","line":9,"loc":{"start":{"line":9,"column":36},"end":{"line":13,"column":3}},"locations":[{"start":{"line":9,"column":36},"end":{"line":13,"column":3}}]},"3":{"type":"branch","line":15,"loc":{"start":{"line":15,"column":29},"end":{"line":17,"column":3}},"locations":[{"start":{"line":15,"column":29},"end":{"line":17,"column":3}}]},"4":{"type":"branch","line":19,"loc":{"start":{"line":19,"column":30},"end":{"line":21,"column":3}},"locations":[{"start":{"line":19,"column":30},"end":{"line":21,"column":3}}]},"5":{"type":"branch","line":23,"loc":{"start":{"line":23,"column":47},"end":{"line":25,"column":3}},"locations":[{"start":{"line":23,"column":47},"end":{"line":25,"column":3}}]}},"b":{"0":[1],"1":[1],"2":[1],"3":[1],"4":[1],"5":[1]},"fnMap":{},"f":{}}
,"/Users/ruben/Code/competitie-planner.nl/competitie-planner.nl/frontend/src/lib/utils.ts": {"path":"/Users/ruben/Code/competitie-planner.nl/competitie-planner.nl/frontend/src/lib/utils.ts","all":false,"statementMap":{"0":{"start":{"line":1,"column":0},"end":{"line":1,"column":45}},"3":{"start":{"line":4,"column":0},"end":{"line":4,"column":45}},"4":{"start":{"line":5,"column":0},"end":{"line":5,"column":31}},"5":{"start":{"line":6,"column":0},"end":{"line":6,"column":1}}},"s":{"0":1,"3":1,"4":35,"5":35},"branchMap":{"0":{"type":"branch","line":4,"loc":{"start":{"line":4,"column":7},"end":{"line":6,"column":1}},"locations":[{"start":{"line":4,"column":7},"end":{"line":6,"column":1}}]}},"b":{"0":[35]},"fnMap":{"0":{"name":"cn","decl":{"start":{"line":4,"column":7},"end":{"line":6,"column":1}},"loc":{"start":{"line":4,"column":7},"end":{"line":6,"column":1}},"line":4}},"f":{"0":35}}
}
